Log file open, 12/20/21 21:02:01
LogInit: Display: Running engine for game: Pacman
LogPlatformFile: Not using cached read wrapper
LogTaskGraph: Started task graph with 5 named threads and 23 total threads with 3 sets of task threads.
LogStats: Stats thread started at 0.298538
LogD3D11RHI: Loaded GFSDK_Aftermath_Lib.x64.dll
LogICUInternationalization: ICU TimeZone Detection - Raw Offset: -4:00, Platform Override: ''
LogPluginManager: Mounting plugin Paper2D
LogPluginManager: Mounting plugin AISupport
LogPluginManager: Mounting plugin LightPropagationVolume
LogPluginManager: Mounting plugin CameraShakePreviewer
LogPluginManager: Mounting plugin ActorLayerUtilities
LogPluginManager: Mounting plugin AnimationSharing
LogPluginManager: Mounting plugin CLionSourceCodeAccess
LogPluginManager: Mounting plugin CodeLiteSourceCodeAccess
LogPluginManager: Mounting plugin GitSourceControl
LogPluginManager: Mounting plugin KDevelopSourceCodeAccess
LogPluginManager: Mounting plugin NullSourceCodeAccess
LogPluginManager: Mounting plugin PerforceSourceControl
LogPluginManager: Mounting plugin PlasticSourceControl
LogPluginManager: Mounting plugin RiderSourceCodeAccess
LogPluginManager: Mounting plugin SubversionSourceControl
LogPluginManager: Mounting plugin UObjectPlugin
LogPluginManager: Mounting plugin VisualStudioCodeSourceCodeAccess
LogPluginManager: Mounting plugin VisualStudioSourceCodeAccess
LogPluginManager: Mounting plugin XCodeSourceCodeAccess
LogPluginManager: Mounting plugin AssetManagerEditor
LogPluginManager: Mounting plugin CryptoKeys
LogPluginManager: Mounting plugin CurveEditorTools
LogPluginManager: Mounting plugin DataValidation
LogPluginManager: Mounting plugin EditorScriptingUtilities
LogPluginManager: Mounting plugin FacialAnimation
LogPluginManager: Mounting plugin GameplayTagsEditor
LogPluginManager: Mounting plugin GeometryMode
LogPluginManager: Mounting plugin MacGraphicsSwitching
LogPluginManager: Mounting plugin MaterialAnalyzer
LogPluginManager: Mounting plugin MobileLauncherProfileWizard
LogPluginManager: Mounting plugin PluginBrowser
LogPluginManager: Mounting plugin SpeedTreeImporter
LogPluginManager: Mounting plugin DatasmithContent
LogPluginManager: Mounting plugin VariantManagerContent
LogPluginManager: Mounting plugin AlembicImporter
LogPluginManager: Mounting plugin AutomationUtils
LogPluginManager: Mounting plugin BackChannel
LogPluginManager: Mounting plugin ChaosCloth
LogPluginManager: Mounting plugin ChaosClothEditor
LogPluginManager: Mounting plugin ChaosEditor
LogPluginManager: Mounting plugin ChaosNiagara
LogPluginManager: Mounting plugin ChaosSolverPlugin
LogPluginManager: Mounting plugin CharacterAI
LogPluginManager: Mounting plugin GeometryCache
LogPluginManager: Mounting plugin GeometryCollectionPlugin
LogPluginManager: Mounting plugin GeometryProcessing
LogPluginManager: Mounting plugin PlanarCut
LogPluginManager: Mounting plugin PlatformCrypto
LogPluginManager: Mounting plugin ProxyLODPlugin
LogPluginManager: Mounting plugin SkeletalReduction
LogPluginManager: Mounting plugin Niagara
LogPluginManager: Mounting plugin MagicLeap
LogPluginManager: Mounting plugin MagicLeapLightEstimation
LogPluginManager: Mounting plugin MagicLeapMedia
LogPluginManager: Mounting plugin MagicLeapPassableWorld
LogPluginManager: Mounting plugin MLSDK
LogPluginManager: Mounting plugin AndroidMedia
LogPluginManager: Mounting plugin AvfMedia
LogPluginManager: Mounting plugin ImgMedia
LogPluginManager: Mounting plugin MediaCompositing
LogPluginManager: Mounting plugin MediaPlayerEditor
LogPluginManager: Mounting plugin WebMMedia
LogPluginManager: Mounting plugin WmfMedia
LogPluginManager: Mounting plugin MeshPainting
LogPluginManager: Mounting plugin TcpMessaging
LogPluginManager: Mounting plugin UdpMessaging
LogPluginManager: Mounting plugin ActorSequence
LogPluginManager: Mounting plugin LevelSequenceEditor
LogPluginManager: Mounting plugin MatineeToLevelSequence
LogPluginManager: Mounting plugin MovieRenderPipeline
LogPluginManager: Mounting plugin TemplateSequence
LogPluginManager: Mounting plugin NetcodeUnitTest
LogPluginManager: Mounting plugin NUTUnrealEngine4
LogPluginManager: Mounting plugin OnlineSubsystemGooglePlay
LogPluginManager: Mounting plugin OnlineSubsystemIOS
LogPluginManager: Mounting plugin OnlineSubsystem
LogPluginManager: Mounting plugin OnlineSubsystemNull
LogPluginManager: Mounting plugin OnlineSubsystemUtils
LogPluginManager: Mounting plugin LauncherChunkInstaller
LogPluginManager: Mounting plugin AndroidDeviceProfileSelector
LogPluginManager: Mounting plugin AndroidMoviePlayer
LogPluginManager: Mounting plugin AndroidPermission
LogPluginManager: Mounting plugin AppleImageUtils
LogPluginManager: Mounting plugin AppleMoviePlayer
LogPluginManager: Mounting plugin ArchVisCharacter
LogPluginManager: Mounting plugin AssetTags
LogPluginManager: Mounting plugin AudioCapture
LogPluginManager: Mounting plugin CableComponent
LogPluginManager: Mounting plugin CustomMeshComponent
LogPluginManager: Mounting plugin EditableMesh
LogPluginManager: Mounting plugin ExampleDeviceProfileSelector
LogPluginManager: Mounting plugin GoogleCloudMessaging
LogPluginManager: Mounting plugin GooglePAD
LogPluginManager: Mounting plugin IOSDeviceProfileSelector
LogPluginManager: Mounting plugin LinuxDeviceProfileSelector
LogPluginManager: Mounting plugin LocationServicesBPLibrary
LogPluginManager: Mounting plugin MobilePatchingUtils
LogPluginManager: Mounting plugin OculusVR
LogPluginManager: Mounting plugin PhysXVehicles
LogPluginManager: Mounting plugin PostSplashScreen
LogPluginManager: Mounting plugin ProceduralMeshComponent
LogPluginManager: Mounting plugin RuntimePhysXCooking
LogPluginManager: Mounting plugin SignificanceManager
LogPluginManager: Mounting plugin SoundFields
LogPluginManager: Mounting plugin SteamVR
LogPluginManager: Mounting plugin Synthesis
LogPluginManager: Mounting plugin WebMMoviePlayer
LogPluginManager: Mounting plugin WindowsMoviePlayer
LogPluginManager: Mounting plugin ScreenshotTools
LogInit: Using libcurl 7.55.1-DEV
LogInit:  - built for x86_64-pc-win32
LogInit:  - supports SSL with OpenSSL/1.1.1
LogInit:  - supports HTTP deflate (compression) using libz 1.2.8
LogInit:  - other features:
LogInit:      CURL_VERSION_SSL
LogInit:      CURL_VERSION_LIBZ
LogInit:      CURL_VERSION_IPV6
LogInit:      CURL_VERSION_ASYNCHDNS
LogInit:      CURL_VERSION_LARGEFILE
LogInit:      CURL_VERSION_IDN
LogInit:  CurlRequestOptions (configurable via config and command line):
LogInit:  - bVerifyPeer = true  - Libcurl will verify peer certificate
LogInit:  - bUseHttpProxy = false  - Libcurl will NOT use HTTP proxy
LogInit:  - bDontReuseConnections = false  - Libcurl will reuse connections
LogInit:  - MaxHostConnections = 16  - Libcurl will limit the number of connections to a host
LogInit:  - LocalHostAddr = Default
LogInit:  - BufferSize = 65536
LogOnline: OSS: Creating online subsystem instance for: NULL
LogInit: WinSock: version 1.1 (2.2), MaxSocks=32767, MaxUdp=65467
LogOnline: OSS: TryLoadSubsystemAndSetDefault: Loaded subsystem for module [NULL]
LogInit: Build: ++UE4+Release-4.25-CL-14469661
LogInit: Engine Version: 4.25.4-14469661+++UE4+Release-4.25
LogInit: Compatible Engine Version: 4.25.0-13144385+++UE4+Release-4.25
LogInit: Net CL: 13144385
LogInit: OS: Windows 10 (Release 2009) (), CPU: Intel(R) Core(TM) i5-9300H CPU @ 2.40GHz, GPU: Intel(R) UHD Graphics 630
LogInit: Compiled (64-bit): Oct 11 2020 08:10:49
LogInit: Compiled with Visual C++: 19.24.28315.00
LogInit: Build Configuration: Development
LogInit: Branch Name: ++UE4+Release-4.25
LogInit: Command Line: 
LogInit: Base Directory: C:/Program Files/Epic Games/UE_4.25/Engine/Binaries/Win64/
LogInit: Allocator: TBB
LogInit: Installed Engine Build: 1
LogDevObjectVersion: Number of dev versions registered: 26
LogDevObjectVersion:   Dev-Blueprints (B0D832E4-1F89-4F0D-ACCF-7EB736FD4AA2): 10
LogDevObjectVersion:   Dev-Build (E1C64328-A22C-4D53-A36C-8E866417BD8C): 0
LogDevObjectVersion:   Dev-Core (375EC13C-06E4-48FB-B500-84F0262A717E): 4
LogDevObjectVersion:   Dev-Editor (E4B068ED-F494-42E9-A231-DA0B2E46BB41): 38
LogDevObjectVersion:   Dev-Framework (CFFC743F-43B0-4480-9391-14DF171D2073): 37
LogDevObjectVersion:   Dev-Mobile (B02B49B5-BB20-44E9-A304-32B752E40360): 2
LogDevObjectVersion:   Dev-Networking (A4E4105C-59A1-49B5-A7C5-40C4547EDFEE): 0
LogDevObjectVersion:   Dev-Online (39C831C9-5AE6-47DC-9A44-9C173E1C8E7C): 0
LogDevObjectVersion:   Dev-Physics (78F01B33-EBEA-4F98-B9B4-84EACCB95AA2): 4
LogDevObjectVersion:   Dev-Platform (6631380F-2D4D-43E0-8009-CF276956A95A): 0
LogDevObjectVersion:   Dev-Rendering (12F88B9F-8875-4AFC-A67C-D90C383ABD29): 43
LogDevObjectVersion:   Dev-Sequencer (7B5AE74C-D270-4C10-A958-57980B212A5A): 12
LogDevObjectVersion:   Dev-VR (D7296918-1DD6-4BDD-9DE2-64A83CC13884): 3
LogDevObjectVersion:   Dev-LoadTimes (C2A15278-BFE7-4AFE-6C17-90FF531DF755): 1
LogDevObjectVersion:   Private-Geometry (6EACA3D4-40EC-4CC1-B786-8BED09428FC5): 3
LogDevObjectVersion:   Dev-AnimPhys (29E575DD-E0A3-4627-9D10-D276232CDCEA): 17
LogDevObjectVersion:   Dev-Anim (AF43A65D-7FD3-4947-9873-3E8ED9C1BB05): 7
LogDevObjectVersion:   Dev-ReflectionCapture (6B266CEC-1EC7-4B8F-A30B-E4D90942FC07): 1
LogDevObjectVersion:   Dev-Automation (0DF73D61-A23F-47EA-B727-89E90C41499A): 1
LogDevObjectVersion:   FortniteMain (601D1886-AC64-4F84-AA16-D3DE0DEAC7D6): 31
LogDevObjectVersion:   Dev-Enterprise (9DFFBCD6-494F-0158-E221-12823C92A888): 10
LogDevObjectVersion:   Dev-Niagara (F2AED0AC-9AFE-416F-8664-AA7FFA26D6FC): 1
LogDevObjectVersion:   Dev-Destruction (174F1F0B-B4C6-45A5-B13F-2EE8D0FB917D): 10
LogDevObjectVersion:   Dev-Physics-Ext (35F94A83-E258-406C-A318-09F59610247C): 37
LogDevObjectVersion:   Dev-PhysicsMaterial-Chaos (B68FC16E-8B1B-42E2-B453-215C058844FE): 1
LogDevObjectVersion:   Dev-CineCamera (B2E18506-4273-CFC2-A54E-F4BB758BBA07): 1
LogInit: Presizing for max 25165824 objects, including 0 objects not considered by GC, pre-allocating 0 bytes for permanent pool.
LogConfig: Applying CVar settings from Section [/Script/Engine.StreamingSettings] File [D:/IDVRV/8vo Semestre/Realidad Virtual y Aumentada/Opcional/Tarea2_Battlecity/Saved/Config/Windows/Engine.ini]
LogConfig: Setting CVar [[s.MinBulkDataSizeForAsyncLoading:131072]]
LogConfig: Setting CVar [[s.AsyncLoadingThreadEnabled:0]]
LogConfig: Setting CVar [[s.EventDrivenLoaderEnabled:1]]
LogConfig: Setting CVar [[s.WarnIfTimeLimitExceeded:0]]
LogConfig: Setting CVar [[s.TimeLimitExceededMultiplier:1.5]]
LogConfig: Setting CVar [[s.TimeLimitExceededMinTime:0.005]]
LogConfig: Setting CVar [[s.UseBackgroundLevelStreaming:1]]
LogConfig: Setting CVar [[s.PriorityAsyncLoadingExtraTime:15.0]]
LogConfig: Setting CVar [[s.LevelStreamingActorsUpdateTimeLimit:5.0]]
LogConfig: Setting CVar [[s.PriorityLevelStreamingActorsUpdateExtraTime:5.0]]
LogConfig: Setting CVar [[s.LevelStreamingComponentsRegistrationGranularity:10]]
LogConfig: Setting CVar [[s.UnregisterComponentsTimeLimit:1.0]]
LogConfig: Setting CVar [[s.LevelStreamingComponentsUnregistrationGranularity:5]]
LogConfig: Setting CVar [[s.FlushStreamingOnExit:1]]
LogInit: Object subsystem initialized
LogConfig: Setting CVar [[con.DebugEarlyDefault:1]]
LogConfig: Setting CVar [[r.setres:1280x720]]
[2021.12.21-00.02.02:329][  0]LogConfig: Setting CVar [[r.VSync:0]]
[2021.12.21-00.02.02:330][  0]LogConfig: Setting CVar [[r.RHICmdBypass:0]]
[2021.12.21-00.02.02:330][  0]LogConfig: Applying CVar settings from Section [/Script/Engine.RendererSettings] File [D:/IDVRV/8vo Semestre/Realidad Virtual y Aumentada/Opcional/Tarea2_Battlecity/Saved/Config/Windows/Engine.ini]
[2021.12.21-00.02.02:330][  0]LogConfig: Setting CVar [[r.GPUCrashDebugging:0]]
[2021.12.21-00.02.02:330][  0]LogConfig: Applying CVar settings from Section [/Script/Engine.RendererOverrideSettings] File [D:/IDVRV/8vo Semestre/Realidad Virtual y Aumentada/Opcional/Tarea2_Battlecity/Saved/Config/Windows/Engine.ini]
[2021.12.21-00.02.02:330][  0]LogConfig: Applying CVar settings from Section [/Script/Engine.StreamingSettings] File [D:/IDVRV/8vo Semestre/Realidad Virtual y Aumentada/Opcional/Tarea2_Battlecity/Saved/Config/Windows/Engine.ini]
[2021.12.21-00.02.02:330][  0]LogConfig: Setting CVar [[s.MinBulkDataSizeForAsyncLoading:131072]]
[2021.12.21-00.02.02:330][  0]LogConfig: Setting CVar [[s.AsyncLoadingThreadEnabled:0]]
[2021.12.21-00.02.02:330][  0]LogConfig: Setting CVar [[s.EventDrivenLoaderEnabled:1]]
[2021.12.21-00.02.02:330][  0]LogConfig: Setting CVar [[s.WarnIfTimeLimitExceeded:0]]
[2021.12.21-00.02.02:330][  0]LogConfig: Setting CVar [[s.TimeLimitExceededMultiplier:1.5]]
[2021.12.21-00.02.02:330][  0]LogConfig: Setting CVar [[s.TimeLimitExceededMinTime:0.005]]
[2021.12.21-00.02.02:330][  0]LogConfig: Setting CVar [[s.UseBackgroundLevelStreaming:1]]
[2021.12.21-00.02.02:330][  0]LogConfig: Setting CVar [[s.PriorityAsyncLoadingExtraTime:15.0]]
[2021.12.21-00.02.02:330][  0]LogConfig: Setting CVar [[s.LevelStreamingActorsUpdateTimeLimit:5.0]]
[2021.12.21-00.02.02:330][  0]LogConfig: Setting CVar [[s.PriorityLevelStreamingActorsUpdateExtraTime:5.0]]
[2021.12.21-00.02.02:330][  0]LogConfig: Setting CVar [[s.LevelStreamingComponentsRegistrationGranularity:10]]
[2021.12.21-00.02.02:330][  0]LogConfig: Setting CVar [[s.UnregisterComponentsTimeLimit:1.0]]
[2021.12.21-00.02.02:330][  0]LogConfig: Setting CVar [[s.LevelStreamingComponentsUnregistrationGranularity:5]]
[2021.12.21-00.02.02:330][  0]LogConfig: Setting CVar [[s.FlushStreamingOnExit:1]]
[2021.12.21-00.02.02:330][  0]LogConfig: Applying CVar settings from Section [/Script/Engine.GarbageCollectionSettings] File [D:/IDVRV/8vo Semestre/Realidad Virtual y Aumentada/Opcional/Tarea2_Battlecity/Saved/Config/Windows/Engine.ini]
[2021.12.21-00.02.02:330][  0]LogConfig: Setting CVar [[gc.MaxObjectsNotConsideredByGC:1]]
[2021.12.21-00.02.02:330][  0]LogConfig: Setting CVar [[gc.SizeOfPermanentObjectPool:0]]
[2021.12.21-00.02.02:330][  0]LogConfig: Setting CVar [[gc.FlushStreamingOnGC:0]]
[2021.12.21-00.02.02:330][  0]LogConfig: Setting CVar [[gc.NumRetriesBeforeForcingGC:10]]
[2021.12.21-00.02.02:330][  0]LogConfig: Setting CVar [[gc.AllowParallelGC:1]]
[2021.12.21-00.02.02:330][  0]LogConfig: Setting CVar [[gc.TimeBetweenPurgingPendingKillObjects:61.1]]
[2021.12.21-00.02.02:330][  0]LogConfig: Setting CVar [[gc.MaxObjectsInEditor:25165824]]
[2021.12.21-00.02.02:330][  0]LogConfig: Setting CVar [[gc.IncrementalBeginDestroyEnabled:1]]
[2021.12.21-00.02.02:330][  0]LogConfig: Setting CVar [[gc.CreateGCClusters:1]]
[2021.12.21-00.02.02:330][  0]LogConfig: Setting CVar [[gc.MinGCClusterSize:5]]
[2021.12.21-00.02.02:330][  0]LogConfig: Setting CVar [[gc.ActorClusteringEnabled:0]]
[2021.12.21-00.02.02:330][  0]LogConfig: Setting CVar [[gc.BlueprintClusteringEnabled:0]]
[2021.12.21-00.02.02:330][  0]LogConfig: Setting CVar [[gc.UseDisregardForGCOnDedicatedServers:0]]
[2021.12.21-00.02.02:330][  0]LogConfig: Applying CVar settings from Section [/Script/Engine.NetworkSettings] File [D:/IDVRV/8vo Semestre/Realidad Virtual y Aumentada/Opcional/Tarea2_Battlecity/Saved/Config/Windows/Engine.ini]
[2021.12.21-00.02.02:330][  0]LogConfig: Applying CVar settings from Section [/Script/UnrealEd.CookerSettings] File [D:/IDVRV/8vo Semestre/Realidad Virtual y Aumentada/Opcional/Tarea2_Battlecity/Saved/Config/Windows/Engine.ini]
[2021.12.21-00.02.02:334][  0]LogConfig: Applying CVar settings from Section [ViewDistanceQuality@3] File [D:/IDVRV/8vo Semestre/Realidad Virtual y Aumentada/Opcional/Tarea2_Battlecity/Saved/Config/Windows/Scalability.ini]
[2021.12.21-00.02.02:334][  0]LogConfig: Setting CVar [[r.SkeletalMeshLODBias:0]]
[2021.12.21-00.02.02:334][  0]LogConfig: Setting CVar [[r.ViewDistanceScale:1.0]]
[2021.12.21-00.02.02:334][  0]LogConfig: Applying CVar settings from Section [AntiAliasingQuality@3] File [D:/IDVRV/8vo Semestre/Realidad Virtual y Aumentada/Opcional/Tarea2_Battlecity/Saved/Config/Windows/Scalability.ini]
[2021.12.21-00.02.02:334][  0]LogConfig: Setting CVar [[r.PostProcessAAQuality:4]]
[2021.12.21-00.02.02:334][  0]LogConfig: Applying CVar settings from Section [ShadowQuality@3] File [D:/IDVRV/8vo Semestre/Realidad Virtual y Aumentada/Opcional/Tarea2_Battlecity/Saved/Config/Windows/Scalability.ini]
[2021.12.21-00.02.02:334][  0]LogConfig: Setting CVar [[r.LightFunctionQuality:1]]
[2021.12.21-00.02.02:334][  0]LogConfig: Setting CVar [[r.ShadowQuality:5]]
[2021.12.21-00.02.02:334][  0]LogConfig: Setting CVar [[r.Shadow.CSM.MaxCascades:10]]
[2021.12.21-00.02.02:334][  0]LogConfig: Setting CVar [[r.Shadow.MaxResolution:2048]]
[2021.12.21-00.02.02:334][  0]LogConfig: Setting CVar [[r.Shadow.MaxCSMResolution:2048]]
[2021.12.21-00.02.02:334][  0]LogConfig: Setting CVar [[r.Shadow.RadiusThreshold:0.01]]
[2021.12.21-00.02.02:334][  0]LogConfig: Setting CVar [[r.Shadow.DistanceScale:1.0]]
[2021.12.21-00.02.02:334][  0]LogConfig: Setting CVar [[r.Shadow.CSM.TransitionScale:1.0]]
[2021.12.21-00.02.02:334][  0]LogConfig: Setting CVar [[r.Shadow.PreShadowResolutionFactor:1.0]]
[2021.12.21-00.02.02:334][  0]LogConfig: Setting CVar [[r.DistanceFieldShadowing:1]]
[2021.12.21-00.02.02:334][  0]LogConfig: Setting CVar [[r.DistanceFieldAO:1]]
[2021.12.21-00.02.02:334][  0]LogConfig: Setting CVar [[r.AOQuality:2]]
[2021.12.21-00.02.02:334][  0]LogConfig: Setting CVar [[r.VolumetricFog:1]]
[2021.12.21-00.02.02:334][  0]LogConfig: Setting CVar [[r.VolumetricFog.GridPixelSize:8]]
[2021.12.21-00.02.02:334][  0]LogConfig: Setting CVar [[r.VolumetricFog.GridSizeZ:128]]
[2021.12.21-00.02.02:334][  0]LogConfig: Setting CVar [[r.VolumetricFog.HistoryMissSupersampleCount:4]]
[2021.12.21-00.02.02:334][  0]LogConfig: Setting CVar [[r.LightMaxDrawDistanceScale:1]]
[2021.12.21-00.02.02:334][  0]LogConfig: Setting CVar [[r.CapsuleShadows:1]]
[2021.12.21-00.02.02:334][  0]LogConfig: Applying CVar settings from Section [PostProcessQuality@3] File [D:/IDVRV/8vo Semestre/Realidad Virtual y Aumentada/Opcional/Tarea2_Battlecity/Saved/Config/Windows/Scalability.ini]
[2021.12.21-00.02.02:334][  0]LogConfig: Setting CVar [[r.MotionBlurQuality:4]]
[2021.12.21-00.02.02:334][  0]LogConfig: Setting CVar [[r.AmbientOcclusionMipLevelFactor:0.4]]
[2021.12.21-00.02.02:334][  0]LogConfig: Setting CVar [[r.AmbientOcclusionMaxQuality:100]]
[2021.12.21-00.02.02:334][  0]LogConfig: Setting CVar [[r.AmbientOcclusionLevels:-1]]
[2021.12.21-00.02.02:334][  0]LogConfig: Setting CVar [[r.AmbientOcclusionRadiusScale:1.0]]
[2021.12.21-00.02.02:334][  0]LogConfig: Setting CVar [[r.DepthOfFieldQuality:2]]
[2021.12.21-00.02.02:334][  0]LogConfig: Setting CVar [[r.RenderTargetPoolMin:400]]
[2021.12.21-00.02.02:334][  0]LogConfig: Setting CVar [[r.LensFlareQuality:2]]
[2021.12.21-00.02.02:334][  0]LogConfig: Setting CVar [[r.SceneColorFringeQuality:1]]
[2021.12.21-00.02.02:334][  0]LogConfig: Setting CVar [[r.EyeAdaptationQuality:2]]
[2021.12.21-00.02.02:334][  0]LogConfig: Setting CVar [[r.BloomQuality:5]]
[2021.12.21-00.02.02:334][  0]LogConfig: Setting CVar [[r.FastBlurThreshold:100]]
[2021.12.21-00.02.02:334][  0]LogConfig: Setting CVar [[r.Upscale.Quality:3]]
[2021.12.21-00.02.02:334][  0]LogConfig: Setting CVar [[r.Tonemapper.GrainQuantization:1]]
[2021.12.21-00.02.02:334][  0]LogConfig: Setting CVar [[r.LightShaftQuality:1]]
[2021.12.21-00.02.02:334][  0]LogConfig: Setting CVar [[r.Filter.SizeScale:1]]
[2021.12.21-00.02.02:334][  0]LogConfig: Setting CVar [[r.Tonemapper.Quality:5]]
[2021.12.21-00.02.02:334][  0]LogConfig: Setting CVar [[r.DOF.Gather.AccumulatorQuality:1        ; higher gathering accumulator quality]]
[2021.12.21-00.02.02:334][  0]LogConfig: Setting CVar [[r.DOF.Gather.PostfilterMethod:1          ; Median3x3 postfilering method]]
[2021.12.21-00.02.02:334][  0]LogConfig: Setting CVar [[r.DOF.Gather.EnableBokehSettings:0       ; no bokeh simulation when gathering]]
[2021.12.21-00.02.02:335][  0]LogConfig: Setting CVar [[r.DOF.Gather.RingCount:4                 ; medium number of samples when gathering]]
[2021.12.21-00.02.02:335][  0]LogConfig: Setting CVar [[r.DOF.Scatter.ForegroundCompositing:1    ; additive foreground scattering]]
[2021.12.21-00.02.02:335][  0]LogConfig: Setting CVar [[r.DOF.Scatter.BackgroundCompositing:2    ; additive background scattering]]
[2021.12.21-00.02.02:335][  0]LogConfig: Setting CVar [[r.DOF.Scatter.EnableBokehSettings:1      ; bokeh simulation when scattering]]
[2021.12.21-00.02.02:335][  0]LogConfig: Setting CVar [[r.DOF.Scatter.MaxSpriteRatio:0.1         ; only a maximum of 10% of scattered bokeh]]
[2021.12.21-00.02.02:335][  0]LogConfig: Setting CVar [[r.DOF.Recombine.Quality:1                ; cheap slight out of focus]]
[2021.12.21-00.02.02:335][  0]LogConfig: Setting CVar [[r.DOF.Recombine.EnableBokehSettings:0    ; no bokeh simulation on slight out of focus]]
[2021.12.21-00.02.02:335][  0]LogConfig: Setting CVar [[r.DOF.TemporalAAQuality:1                ; more stable temporal accumulation]]
[2021.12.21-00.02.02:335][  0]LogConfig: Setting CVar [[r.DOF.Kernel.MaxForegroundRadius:0.025]]
[2021.12.21-00.02.02:335][  0]LogConfig: Setting CVar [[r.DOF.Kernel.MaxBackgroundRadius:0.025]]
[2021.12.21-00.02.02:335][  0]LogConfig: Applying CVar settings from Section [TextureQuality@3] File [D:/IDVRV/8vo Semestre/Realidad Virtual y Aumentada/Opcional/Tarea2_Battlecity/Saved/Config/Windows/Scalability.ini]
[2021.12.21-00.02.02:335][  0]LogConfig: Setting CVar [[r.Streaming.MipBias:0]]
[2021.12.21-00.02.02:335][  0]LogConfig: Setting CVar [[r.Streaming.AmortizeCPUToGPUCopy:0]]
[2021.12.21-00.02.02:335][  0]LogConfig: Setting CVar [[r.Streaming.MaxNumTexturesToStreamPerFrame:0]]
[2021.12.21-00.02.02:335][  0]LogConfig: Setting CVar [[r.Streaming.Boost:1]]
[2021.12.21-00.02.02:335][  0]LogConfig: Setting CVar [[r.MaxAnisotropy:8]]
[2021.12.21-00.02.02:335][  0]LogConfig: Setting CVar [[r.VT.MaxAnisotropy:8]]
[2021.12.21-00.02.02:335][  0]LogConfig: Setting CVar [[r.Streaming.LimitPoolSizeToVRAM:0]]
[2021.12.21-00.02.02:335][  0]LogConfig: Setting CVar [[r.Streaming.PoolSize:1000]]
[2021.12.21-00.02.02:335][  0]LogConfig: Setting CVar [[r.Streaming.MaxEffectiveScreenSize:0]]
[2021.12.21-00.02.02:335][  0]LogConfig: Applying CVar settings from Section [EffectsQuality@3] File [D:/IDVRV/8vo Semestre/Realidad Virtual y Aumentada/Opcional/Tarea2_Battlecity/Saved/Config/Windows/Scalability.ini]
[2021.12.21-00.02.02:335][  0]LogConfig: Setting CVar [[r.TranslucencyLightingVolumeDim:64]]
[2021.12.21-00.02.02:335][  0]LogConfig: Setting CVar [[r.RefractionQuality:2]]
[2021.12.21-00.02.02:335][  0]LogConfig: Setting CVar [[r.SSR.Quality:3]]
[2021.12.21-00.02.02:335][  0]LogConfig: Setting CVar [[r.SSR.HalfResSceneColor:0]]
[2021.12.21-00.02.02:335][  0]LogConfig: Setting CVar [[r.SceneColorFormat:4]]
[2021.12.21-00.02.02:335][  0]LogConfig: Setting CVar [[r.DetailMode:2]]
[2021.12.21-00.02.02:335][  0]LogConfig: Setting CVar [[r.TranslucencyVolumeBlur:1]]
[2021.12.21-00.02.02:335][  0]LogConfig: Setting CVar [[r.MaterialQualityLevel:1 ; High quality]]
[2021.12.21-00.02.02:335][  0]LogConfig: Setting CVar [[r.SSS.Scale:1]]
[2021.12.21-00.02.02:335][  0]LogConfig: Setting CVar [[r.SSS.SampleSet:2]]
[2021.12.21-00.02.02:335][  0]LogConfig: Setting CVar [[r.SSS.Quality:1]]
[2021.12.21-00.02.02:335][  0]LogConfig: Setting CVar [[r.SSS.HalfRes:0]]
[2021.12.21-00.02.02:335][  0]LogConfig: Setting CVar [[r.SSGI.Quality:3]]
[2021.12.21-00.02.02:335][  0]LogConfig: Setting CVar [[r.EmitterSpawnRateScale:1.0]]
[2021.12.21-00.02.02:335][  0]LogConfig: Setting CVar [[r.ParticleLightQuality:2]]
[2021.12.21-00.02.02:335][  0]LogConfig: Setting CVar [[r.SkyAtmosphere.AerialPerspectiveLUT.FastApplyOnOpaque:1 ; Always have FastSkyLUT 1 in this case to avoid wrong sky]]
[2021.12.21-00.02.02:335][  0]LogConfig: Setting CVar [[r.SkyAtmosphere.AerialPerspectiveLUT.SampleCountPerSlice:1]]
[2021.12.21-00.02.02:335][  0]LogConfig: Setting CVar [[r.SkyAtmosphere.AerialPerspectiveLUT.DepthResolution:16.0]]
[2021.12.21-00.02.02:335][  0]LogConfig: Setting CVar [[r.SkyAtmosphere.FastSkyLUT:1]]
[2021.12.21-00.02.02:335][  0]LogConfig: Setting CVar [[r.SkyAtmosphere.FastSkyLUT.SampleCountMin:4.0]]
[2021.12.21-00.02.02:335][  0]LogConfig: Setting CVar [[r.SkyAtmosphere.FastSkyLUT.SampleCountMax:32.0]]
[2021.12.21-00.02.02:335][  0]LogConfig: Setting CVar [[r.SkyAtmosphere.SampleCountMin:4.0]]
[2021.12.21-00.02.02:335][  0]LogConfig: Setting CVar [[r.SkyAtmosphere.SampleCountMax:32.0]]
[2021.12.21-00.02.02:335][  0]LogConfig: Setting CVar [[r.SkyAtmosphere.TransmittanceLUT.UseSmallFormat:0]]
[2021.12.21-00.02.02:335][  0]LogConfig: Setting CVar [[r.SkyAtmosphere.TransmittanceLUT.SampleCount:10.0]]
[2021.12.21-00.02.02:335][  0]LogConfig: Setting CVar [[r.SkyAtmosphere.MultiScatteringLUT.SampleCount:15.0]]
[2021.12.21-00.02.02:335][  0]LogConfig: Applying CVar settings from Section [FoliageQuality@3] File [D:/IDVRV/8vo Semestre/Realidad Virtual y Aumentada/Opcional/Tarea2_Battlecity/Saved/Config/Windows/Scalability.ini]
[2021.12.21-00.02.02:335][  0]LogConfig: Setting CVar [[foliage.DensityScale:1.0]]
[2021.12.21-00.02.02:335][  0]LogConfig: Setting CVar [[grass.DensityScale:1.0]]
[2021.12.21-00.02.02:335][  0]LogConfig: Applying CVar settings from Section [ShadingQuality@3] File [D:/IDVRV/8vo Semestre/Realidad Virtual y Aumentada/Opcional/Tarea2_Battlecity/Saved/Config/Windows/Scalability.ini]
[2021.12.21-00.02.02:335][  0]LogConfig: Setting CVar [[r.HairStrands.SkyLighting.SampleCount:16]]
[2021.12.21-00.02.02:335][  0]LogConfig: Setting CVar [[r.HairStrands.SkyLighting.JitterIntegration:0]]
[2021.12.21-00.02.02:335][  0]LogConfig: Setting CVar [[r.HairStrands.SkyAO.SampleCount:16]]
[2021.12.21-00.02.02:335][  0]LogConfig: Setting CVar [[r.HairStrands.DeepShadow.SuperSampling:0]]
[2021.12.21-00.02.02:335][  0]LogConfig: Setting CVar [[r.HairStrands.VisibilityPPLL:0]]
[2021.12.21-00.02.02:335][  0]LogConfig: Setting CVar [[r.HairStrands.RasterizationScale:0.5]]
[2021.12.21-00.02.02:336][  0]LogConfig: Setting CVar [[r.HairStrands.VelocityRasterizationScale:1]]
[2021.12.21-00.02.02:336][  0]LogInit: Selected Device Profile: [Windows]
[2021.12.21-00.02.02:336][  0]LogInit: Applying CVar settings loaded from the selected device profile: [Windows]
[2021.12.21-00.02.02:336][  0]LogHAL: Display: Platform has ~ 8 GB [8464355328 / 8589934592 / 8], which maps to Default [LargestMinGB=32, LargerMinGB=12, DefaultMinGB=8, SmallerMinGB=6, SmallestMinGB=0)
[2021.12.21-00.02.02:336][  0]LogInit: Going up to parent DeviceProfile []
[2021.12.21-00.02.02:336][  0]LogConfig: Applying CVar settings from Section [ViewDistanceQuality@3] File [D:/IDVRV/8vo Semestre/Realidad Virtual y Aumentada/Opcional/Tarea2_Battlecity/Saved/Config/Windows/Scalability.ini]
[2021.12.21-00.02.02:336][  0]LogConfig: Setting CVar [[r.SkeletalMeshLODBias:0]]
[2021.12.21-00.02.02:336][  0]LogConfig: Setting CVar [[r.ViewDistanceScale:1.0]]
[2021.12.21-00.02.02:336][  0]LogConfig: Applying CVar settings from Section [AntiAliasingQuality@3] File [D:/IDVRV/8vo Semestre/Realidad Virtual y Aumentada/Opcional/Tarea2_Battlecity/Saved/Config/Windows/Scalability.ini]
[2021.12.21-00.02.02:336][  0]LogConfig: Setting CVar [[r.PostProcessAAQuality:4]]
[2021.12.21-00.02.02:336][  0]LogConfig: Applying CVar settings from Section [ShadowQuality@3] File [D:/IDVRV/8vo Semestre/Realidad Virtual y Aumentada/Opcional/Tarea2_Battlecity/Saved/Config/Windows/Scalability.ini]
[2021.12.21-00.02.02:336][  0]LogConfig: Setting CVar [[r.LightFunctionQuality:1]]
[2021.12.21-00.02.02:336][  0]LogConfig: Setting CVar [[r.ShadowQuality:5]]
[2021.12.21-00.02.02:336][  0]LogConfig: Setting CVar [[r.Shadow.CSM.MaxCascades:10]]
[2021.12.21-00.02.02:336][  0]LogConfig: Setting CVar [[r.Shadow.MaxResolution:2048]]
[2021.12.21-00.02.02:336][  0]LogConfig: Setting CVar [[r.Shadow.MaxCSMResolution:2048]]
[2021.12.21-00.02.02:336][  0]LogConfig: Setting CVar [[r.Shadow.RadiusThreshold:0.01]]
[2021.12.21-00.02.02:336][  0]LogConfig: Setting CVar [[r.Shadow.DistanceScale:1.0]]
[2021.12.21-00.02.02:336][  0]LogConfig: Setting CVar [[r.Shadow.CSM.TransitionScale:1.0]]
[2021.12.21-00.02.02:336][  0]LogConfig: Setting CVar [[r.Shadow.PreShadowResolutionFactor:1.0]]
[2021.12.21-00.02.02:336][  0]LogConfig: Setting CVar [[r.DistanceFieldShadowing:1]]
[2021.12.21-00.02.02:336][  0]LogConfig: Setting CVar [[r.DistanceFieldAO:1]]
[2021.12.21-00.02.02:337][  0]LogConfig: Setting CVar [[r.AOQuality:2]]
[2021.12.21-00.02.02:337][  0]LogConfig: Setting CVar [[r.VolumetricFog:1]]
[2021.12.21-00.02.02:337][  0]LogConfig: Setting CVar [[r.VolumetricFog.GridPixelSize:8]]
[2021.12.21-00.02.02:337][  0]LogConfig: Setting CVar [[r.VolumetricFog.GridSizeZ:128]]
[2021.12.21-00.02.02:337][  0]LogConfig: Setting CVar [[r.VolumetricFog.HistoryMissSupersampleCount:4]]
[2021.12.21-00.02.02:337][  0]LogConfig: Setting CVar [[r.LightMaxDrawDistanceScale:1]]
[2021.12.21-00.02.02:337][  0]LogConfig: Setting CVar [[r.CapsuleShadows:1]]
[2021.12.21-00.02.02:337][  0]LogConfig: Applying CVar settings from Section [PostProcessQuality@3] File [D:/IDVRV/8vo Semestre/Realidad Virtual y Aumentada/Opcional/Tarea2_Battlecity/Saved/Config/Windows/Scalability.ini]
[2021.12.21-00.02.02:337][  0]LogConfig: Setting CVar [[r.MotionBlurQuality:4]]
[2021.12.21-00.02.02:337][  0]LogConfig: Setting CVar [[r.AmbientOcclusionMipLevelFactor:0.4]]
[2021.12.21-00.02.02:337][  0]LogConfig: Setting CVar [[r.AmbientOcclusionMaxQuality:100]]
[2021.12.21-00.02.02:337][  0]LogConfig: Setting CVar [[r.AmbientOcclusionLevels:-1]]
[2021.12.21-00.02.02:337][  0]LogConfig: Setting CVar [[r.AmbientOcclusionRadiusScale:1.0]]
[2021.12.21-00.02.02:337][  0]LogConfig: Setting CVar [[r.DepthOfFieldQuality:2]]
[2021.12.21-00.02.02:337][  0]LogConfig: Setting CVar [[r.RenderTargetPoolMin:400]]
[2021.12.21-00.02.02:337][  0]LogConfig: Setting CVar [[r.LensFlareQuality:2]]
[2021.12.21-00.02.02:337][  0]LogConfig: Setting CVar [[r.SceneColorFringeQuality:1]]
[2021.12.21-00.02.02:337][  0]LogConfig: Setting CVar [[r.EyeAdaptationQuality:2]]
[2021.12.21-00.02.02:337][  0]LogConfig: Setting CVar [[r.BloomQuality:5]]
[2021.12.21-00.02.02:337][  0]LogConfig: Setting CVar [[r.FastBlurThreshold:100]]
[2021.12.21-00.02.02:337][  0]LogConfig: Setting CVar [[r.Upscale.Quality:3]]
[2021.12.21-00.02.02:337][  0]LogConfig: Setting CVar [[r.Tonemapper.GrainQuantization:1]]
[2021.12.21-00.02.02:337][  0]LogConfig: Setting CVar [[r.LightShaftQuality:1]]
[2021.12.21-00.02.02:337][  0]LogConfig: Setting CVar [[r.Filter.SizeScale:1]]
[2021.12.21-00.02.02:337][  0]LogConfig: Setting CVar [[r.Tonemapper.Quality:5]]
[2021.12.21-00.02.02:337][  0]LogConfig: Setting CVar [[r.DOF.Gather.AccumulatorQuality:1        ; higher gathering accumulator quality]]
[2021.12.21-00.02.02:337][  0]LogConfig: Setting CVar [[r.DOF.Gather.PostfilterMethod:1          ; Median3x3 postfilering method]]
[2021.12.21-00.02.02:337][  0]LogConfig: Setting CVar [[r.DOF.Gather.EnableBokehSettings:0       ; no bokeh simulation when gathering]]
[2021.12.21-00.02.02:337][  0]LogConfig: Setting CVar [[r.DOF.Gather.RingCount:4                 ; medium number of samples when gathering]]
[2021.12.21-00.02.02:337][  0]LogConfig: Setting CVar [[r.DOF.Scatter.ForegroundCompositing:1    ; additive foreground scattering]]
[2021.12.21-00.02.02:337][  0]LogConfig: Setting CVar [[r.DOF.Scatter.BackgroundCompositing:2    ; additive background scattering]]
[2021.12.21-00.02.02:337][  0]LogConfig: Setting CVar [[r.DOF.Scatter.EnableBokehSettings:1      ; bokeh simulation when scattering]]
[2021.12.21-00.02.02:337][  0]LogConfig: Setting CVar [[r.DOF.Scatter.MaxSpriteRatio:0.1         ; only a maximum of 10% of scattered bokeh]]
[2021.12.21-00.02.02:337][  0]LogConfig: Setting CVar [[r.DOF.Recombine.Quality:1                ; cheap slight out of focus]]
[2021.12.21-00.02.02:337][  0]LogConfig: Setting CVar [[r.DOF.Recombine.EnableBokehSettings:0    ; no bokeh simulation on slight out of focus]]
[2021.12.21-00.02.02:337][  0]LogConfig: Setting CVar [[r.DOF.TemporalAAQuality:1                ; more stable temporal accumulation]]
[2021.12.21-00.02.02:337][  0]LogConfig: Setting CVar [[r.DOF.Kernel.MaxForegroundRadius:0.025]]
[2021.12.21-00.02.02:337][  0]LogConfig: Setting CVar [[r.DOF.Kernel.MaxBackgroundRadius:0.025]]
[2021.12.21-00.02.02:337][  0]LogConfig: Applying CVar settings from Section [TextureQuality@3] File [D:/IDVRV/8vo Semestre/Realidad Virtual y Aumentada/Opcional/Tarea2_Battlecity/Saved/Config/Windows/Scalability.ini]
[2021.12.21-00.02.02:337][  0]LogConfig: Setting CVar [[r.Streaming.MipBias:0]]
[2021.12.21-00.02.02:337][  0]LogConfig: Setting CVar [[r.Streaming.AmortizeCPUToGPUCopy:0]]
[2021.12.21-00.02.02:337][  0]LogConfig: Setting CVar [[r.Streaming.MaxNumTexturesToStreamPerFrame:0]]
[2021.12.21-00.02.02:337][  0]LogConfig: Setting CVar [[r.Streaming.Boost:1]]
[2021.12.21-00.02.02:337][  0]LogConfig: Setting CVar [[r.MaxAnisotropy:8]]
[2021.12.21-00.02.02:337][  0]LogConfig: Setting CVar [[r.VT.MaxAnisotropy:8]]
[2021.12.21-00.02.02:337][  0]LogConfig: Setting CVar [[r.Streaming.LimitPoolSizeToVRAM:0]]
[2021.12.21-00.02.02:337][  0]LogConfig: Setting CVar [[r.Streaming.PoolSize:1000]]
[2021.12.21-00.02.02:337][  0]LogConfig: Setting CVar [[r.Streaming.MaxEffectiveScreenSize:0]]
[2021.12.21-00.02.02:337][  0]LogConfig: Applying CVar settings from Section [EffectsQuality@3] File [D:/IDVRV/8vo Semestre/Realidad Virtual y Aumentada/Opcional/Tarea2_Battlecity/Saved/Config/Windows/Scalability.ini]
[2021.12.21-00.02.02:337][  0]LogConfig: Setting CVar [[r.TranslucencyLightingVolumeDim:64]]
[2021.12.21-00.02.02:337][  0]LogConfig: Setting CVar [[r.RefractionQuality:2]]
[2021.12.21-00.02.02:337][  0]LogConfig: Setting CVar [[r.SSR.Quality:3]]
[2021.12.21-00.02.02:337][  0]LogConfig: Setting CVar [[r.SSR.HalfResSceneColor:0]]
[2021.12.21-00.02.02:337][  0]LogConfig: Setting CVar [[r.SceneColorFormat:4]]
[2021.12.21-00.02.02:337][  0]LogConfig: Setting CVar [[r.DetailMode:2]]
[2021.12.21-00.02.02:337][  0]LogConfig: Setting CVar [[r.TranslucencyVolumeBlur:1]]
[2021.12.21-00.02.02:337][  0]LogConfig: Setting CVar [[r.MaterialQualityLevel:1 ; High quality]]
[2021.12.21-00.02.02:337][  0]LogConfig: Setting CVar [[r.SSS.Scale:1]]
[2021.12.21-00.02.02:337][  0]LogConfig: Setting CVar [[r.SSS.SampleSet:2]]
[2021.12.21-00.02.02:337][  0]LogConfig: Setting CVar [[r.SSS.Quality:1]]
[2021.12.21-00.02.02:337][  0]LogConfig: Setting CVar [[r.SSS.HalfRes:0]]
[2021.12.21-00.02.02:337][  0]LogConfig: Setting CVar [[r.SSGI.Quality:3]]
[2021.12.21-00.02.02:337][  0]LogConfig: Setting CVar [[r.EmitterSpawnRateScale:1.0]]
[2021.12.21-00.02.02:337][  0]LogConfig: Setting CVar [[r.ParticleLightQuality:2]]
[2021.12.21-00.02.02:337][  0]LogConfig: Setting CVar [[r.SkyAtmosphere.AerialPerspectiveLUT.FastApplyOnOpaque:1 ; Always have FastSkyLUT 1 in this case to avoid wrong sky]]
[2021.12.21-00.02.02:337][  0]LogConfig: Setting CVar [[r.SkyAtmosphere.AerialPerspectiveLUT.SampleCountPerSlice:1]]
[2021.12.21-00.02.02:337][  0]LogConfig: Setting CVar [[r.SkyAtmosphere.AerialPerspectiveLUT.DepthResolution:16.0]]
[2021.12.21-00.02.02:337][  0]LogConfig: Setting CVar [[r.SkyAtmosphere.FastSkyLUT:1]]
[2021.12.21-00.02.02:337][  0]LogConfig: Setting CVar [[r.SkyAtmosphere.FastSkyLUT.SampleCountMin:4.0]]
[2021.12.21-00.02.02:337][  0]LogConfig: Setting CVar [[r.SkyAtmosphere.FastSkyLUT.SampleCountMax:32.0]]
[2021.12.21-00.02.02:338][  0]LogConfig: Setting CVar [[r.SkyAtmosphere.SampleCountMin:4.0]]
[2021.12.21-00.02.02:338][  0]LogConfig: Setting CVar [[r.SkyAtmosphere.SampleCountMax:32.0]]
[2021.12.21-00.02.02:338][  0]LogConfig: Setting CVar [[r.SkyAtmosphere.TransmittanceLUT.UseSmallFormat:0]]
[2021.12.21-00.02.02:338][  0]LogConfig: Setting CVar [[r.SkyAtmosphere.TransmittanceLUT.SampleCount:10.0]]
[2021.12.21-00.02.02:338][  0]LogConfig: Setting CVar [[r.SkyAtmosphere.MultiScatteringLUT.SampleCount:15.0]]
[2021.12.21-00.02.02:338][  0]LogConfig: Applying CVar settings from Section [FoliageQuality@3] File [D:/IDVRV/8vo Semestre/Realidad Virtual y Aumentada/Opcional/Tarea2_Battlecity/Saved/Config/Windows/Scalability.ini]
[2021.12.21-00.02.02:338][  0]LogConfig: Setting CVar [[foliage.DensityScale:1.0]]
[2021.12.21-00.02.02:338][  0]LogConfig: Setting CVar [[grass.DensityScale:1.0]]
[2021.12.21-00.02.02:338][  0]LogConfig: Applying CVar settings from Section [ShadingQuality@3] File [D:/IDVRV/8vo Semestre/Realidad Virtual y Aumentada/Opcional/Tarea2_Battlecity/Saved/Config/Windows/Scalability.ini]
[2021.12.21-00.02.02:338][  0]LogConfig: Setting CVar [[r.HairStrands.SkyLighting.SampleCount:16]]
[2021.12.21-00.02.02:338][  0]LogConfig: Setting CVar [[r.HairStrands.SkyLighting.JitterIntegration:0]]
[2021.12.21-00.02.02:338][  0]LogConfig: Setting CVar [[r.HairStrands.SkyAO.SampleCount:16]]
[2021.12.21-00.02.02:338][  0]LogConfig: Setting CVar [[r.HairStrands.DeepShadow.SuperSampling:0]]
[2021.12.21-00.02.02:338][  0]LogConfig: Setting CVar [[r.HairStrands.VisibilityPPLL:0]]
[2021.12.21-00.02.02:338][  0]LogConfig: Setting CVar [[r.HairStrands.RasterizationScale:0.5]]
[2021.12.21-00.02.02:338][  0]LogConfig: Setting CVar [[r.HairStrands.VelocityRasterizationScale:1]]
[2021.12.21-00.02.02:338][  0]LogConfig: Applying CVar settings from Section [Startup] File [../../../Engine/Config/ConsoleVariables.ini]
[2021.12.21-00.02.02:339][  0]LogConfig: Setting CVar [[net.UseAdaptiveNetUpdateFrequency:0]]
[2021.12.21-00.02.02:339][  0]LogConfig: Setting CVar [[p.chaos.AllowCreatePhysxBodies:1]]
[2021.12.21-00.02.02:339][  0]LogConfig: Setting CVar [[fx.SkipVectorVMBackendOptimizations:1]]
[2021.12.21-00.02.02:339][  0]LogConfig: Applying CVar settings from Section [ConsoleVariables] File [D:/IDVRV/8vo Semestre/Realidad Virtual y Aumentada/Opcional/Tarea2_Battlecity/Saved/Config/Windows/Engine.ini]
[2021.12.21-00.02.02:339][  0]LogInit: Computer: DESKTOP-V48BJ1S
[2021.12.21-00.02.02:339][  0]LogInit: User: Dwanwii
[2021.12.21-00.02.02:339][  0]LogInit: CPU Page size=4096, Cores=4
[2021.12.21-00.02.02:339][  0]LogInit: High frequency timer resolution =10.000000 MHz
[2021.12.21-00.02.02:339][  0]LogMemory: Memory total: Physical=7.9GB (8GB approx)
[2021.12.21-00.02.02:339][  0]LogMemory: Platform Memory Stats for Windows
[2021.12.21-00.02.02:339][  0]LogMemory: Process Physical Memory: 115.45 MB used, 115.45 MB peak
[2021.12.21-00.02.02:339][  0]LogMemory: Process Virtual Memory: 104.35 MB used, 104.35 MB peak
[2021.12.21-00.02.02:339][  0]LogMemory: Physical Memory: 6530.45 MB used,  1541.79 MB free, 8072.24 MB total
[2021.12.21-00.02.02:339][  0]LogMemory: Virtual Memory: 5153.22 MB used,  134212576.00 MB free, 134217728.00 MB total
[2021.12.21-00.02.02:351][  0]LogWindows: WindowsPlatformFeatures enabled
[2021.12.21-00.02.02:414][  0]LogInit: Physics initialised using underlying interface: PhysX
[2021.12.21-00.02.02:415][  0]LogInit: Overriding language with editor language configuration option (en).
[2021.12.21-00.02.02:415][  0]LogInit: Overriding locale with editor locale configuration option (en).
[2021.12.21-00.02.02:744][  0]LogInit: Setting process to per monitor DPI aware
[2021.12.21-00.02.02:797][  0]LogSlate: New Slate User Created.  User Index 0, Is Virtual User: 0
[2021.12.21-00.02.02:797][  0]LogSlate: Slate User Registered.  User Index 0, Is Virtual User: 0
[2021.12.21-00.02.03:004][  0]LogHMD: Failed to initialize OpenVR with code 110
[2021.12.21-00.02.03:004][  0]LogD3D11RHI: D3D11 min allowed feature level: 11_0
[2021.12.21-00.02.03:004][  0]LogD3D11RHI: D3D11 max allowed feature level: 11_0
[2021.12.21-00.02.03:004][  0]LogD3D11RHI: D3D11 adapters:
[2021.12.21-00.02.03:138][  0]LogD3D11RHI:    0. 'NVIDIA GeForce GTX 1650' (Feature Level 11_0)
[2021.12.21-00.02.03:138][  0]LogD3D11RHI:       3962/0/4036 MB DedicatedVideo/DedicatedSystem/SharedSystem, Outputs:2, VendorId:0x10de
[2021.12.21-00.02.03:163][  0]LogD3D11RHI:    1. 'Intel(R) UHD Graphics 630' (Feature Level 11_0)
[2021.12.21-00.02.03:163][  0]LogD3D11RHI:       128/0/4036 MB DedicatedVideo/DedicatedSystem/SharedSystem, Outputs:0, VendorId:0x8086
[2021.12.21-00.02.03:170][  0]LogD3D11RHI:    2. 'Microsoft Basic Render Driver' (Feature Level 11_0)
[2021.12.21-00.02.03:170][  0]LogD3D11RHI:       0/0/4036 MB DedicatedVideo/DedicatedSystem/SharedSystem, Outputs:0, VendorId:0x1414
[2021.12.21-00.02.03:170][  0]LogD3D11RHI: Chosen D3D11 Adapter: 0
[2021.12.21-00.02.03:180][  0]LogD3D11RHI: Creating new Direct3DDevice
[2021.12.21-00.02.03:180][  0]LogD3D11RHI:     GPU DeviceId: 0x1f91 (for the marketing name, search the web for "GPU Device Id")
[2021.12.21-00.02.03:180][  0]LogWindows: EnumDisplayDevices:
[2021.12.21-00.02.03:180][  0]LogWindows:    0. 'Intel(R) UHD Graphics 630' (P:1 D:1)
[2021.12.21-00.02.03:180][  0]LogWindows:    1. 'Intel(R) UHD Graphics 630' (P:0 D:0)
[2021.12.21-00.02.03:180][  0]LogWindows:    2. 'Intel(R) UHD Graphics 630' (P:0 D:0)
[2021.12.21-00.02.03:181][  0]LogWindows:    3. 'NVIDIA GeForce GTX 1650' (P:0 D:1)
[2021.12.21-00.02.03:181][  0]LogWindows:    4. 'NVIDIA GeForce GTX 1650' (P:0 D:0)
[2021.12.21-00.02.03:181][  0]LogWindows:    5. 'NVIDIA GeForce GTX 1650' (P:0 D:0)
[2021.12.21-00.02.03:181][  0]LogWindows:    6. 'NVIDIA GeForce GTX 1650' (P:0 D:0)
[2021.12.21-00.02.03:181][  0]LogWindows: DebugString: PrimaryIsNotTheChoosenAdapter PrimaryIsNotTheChoosenAdapter PrimaryIsNotTheChoosenAdapter FoundDriverCount:4 
[2021.12.21-00.02.03:181][  0]LogD3D11RHI:     Adapter Name: NVIDIA GeForce GTX 1650
[2021.12.21-00.02.03:181][  0]LogD3D11RHI:   Driver Version: 497.09 (internal:30.0.14.9709, unified:497.09)
[2021.12.21-00.02.03:181][  0]LogD3D11RHI:      Driver Date: 11-26-2021
[2021.12.21-00.02.03:182][  0]LogRHI: Texture pool is 2773 MB (70% of 3962 MB)
[2021.12.21-00.02.03:257][  0]LogD3D11RHI: RHI has support for 64 bit atomics
[2021.12.21-00.02.03:258][  0]LogD3D11RHI: Async texture creation enabled
[2021.12.21-00.02.03:258][  0]LogD3D11RHI: Array index from any shader is supported
[2021.12.21-00.02.03:295][  0]LogD3D11RHI: GPU Timing Frequency: 1000.000000 (Debug: 2 1)
[2021.12.21-00.02.03:679][  0]LogTargetPlatformManager: Display: Loaded TargetPlatform 'AllDesktop'
[2021.12.21-00.02.03:712][  0]LogTargetPlatformManager: Display: Loaded TargetPlatform 'Android'
[2021.12.21-00.02.03:712][  0]LogTargetPlatformManager: Display: Loaded TargetPlatform 'Android_ASTC'
[2021.12.21-00.02.03:712][  0]LogTargetPlatformManager: Display: Loaded TargetPlatform 'Android_DXT'
[2021.12.21-00.02.03:712][  0]LogTargetPlatformManager: Display: Loaded TargetPlatform 'Android_ETC2'
[2021.12.21-00.02.03:712][  0]LogTargetPlatformManager: Display: Loaded TargetPlatform 'AndroidClient'
[2021.12.21-00.02.03:712][  0]LogTargetPlatformManager: Display: Loaded TargetPlatform 'Android_ASTCClient'
[2021.12.21-00.02.03:712][  0]LogTargetPlatformManager: Display: Loaded TargetPlatform 'Android_DXTClient'
[2021.12.21-00.02.03:712][  0]LogTargetPlatformManager: Display: Loaded TargetPlatform 'Android_ETC2Client'
[2021.12.21-00.02.03:712][  0]LogTargetPlatformManager: Display: Loaded TargetPlatform 'Android_Multi'
[2021.12.21-00.02.03:712][  0]LogTargetPlatformManager: Display: Loaded TargetPlatform 'Android_MultiClient'
[2021.12.21-00.02.03:746][  0]LogTargetPlatformManager: Display: Loaded TargetPlatform 'IOSClient'
[2021.12.21-00.02.03:746][  0]LogTargetPlatformManager: Display: Loaded TargetPlatform 'IOS'
[2021.12.21-00.02.03:760][  0]LogTargetPlatformManager: Display: Loaded TargetPlatform 'Linux'
[2021.12.21-00.02.03:776][  0]LogTargetPlatformManager: Display: Loaded TargetPlatform 'LinuxNoEditor'
[2021.12.21-00.02.03:792][  0]LogTargetPlatformManager: Display: Loaded TargetPlatform 'LinuxClient'
[2021.12.21-00.02.03:804][  0]LogTargetPlatformManager: Display: Loaded TargetPlatform 'LinuxServer'
[2021.12.21-00.02.03:819][  0]LogTargetPlatformManager: Display: Loaded TargetPlatform 'LinuxAArch64NoEditor'
[2021.12.21-00.02.03:830][  0]LogTargetPlatformManager: Display: Loaded TargetPlatform 'LinuxAArch64Client'
[2021.12.21-00.02.03:847][  0]LogTargetPlatformManager: Display: Loaded TargetPlatform 'LinuxAArch64Server'
[2021.12.21-00.02.03:888][  0]LogTargetPlatformManager: Display: Loaded TargetPlatform 'Lumin'
[2021.12.21-00.02.03:888][  0]LogTargetPlatformManager: Display: Loaded TargetPlatform 'LuminClient'
[2021.12.21-00.02.03:910][  0]LogTargetPlatformManager: Display: Loaded TargetPlatform 'TVOSClient'
[2021.12.21-00.02.03:910][  0]LogTargetPlatformManager: Display: Loaded TargetPlatform 'TVOS'
[2021.12.21-00.02.03:924][  0]LogTargetPlatformManager: Display: Loaded TargetPlatform 'WindowsNoEditor'
[2021.12.21-00.02.03:936][  0]LogTargetPlatformManager: Display: Loaded TargetPlatform 'Windows'
[2021.12.21-00.02.03:949][  0]LogTargetPlatformManager: Display: Loaded TargetPlatform 'WindowsClient'
[2021.12.21-00.02.03:959][  0]LogTargetPlatformManager: Display: Loaded TargetPlatform 'WindowsServer'
[2021.12.21-00.02.03:959][  0]LogTargetPlatformManager: Display: Building Assets For Windows
[2021.12.21-00.02.03:971][  0]LogAudioDebug: Display: Lib vorbis DLL was dynamically loaded.
[2021.12.21-00.02.04:046][  0]LogShaderCompilers: Guid format shader working directory is -31 characters bigger than the processId version (D:/IDVRV/8vo Semestre/Realidad Virtual y Aumentada/Opcional/Tarea2_Battlecity/Intermediate/Shaders/WorkingDirectory/7624/).
[2021.12.21-00.02.04:046][  0]LogShaderCompilers: Cleaned the shader compiler working directory 'C:/Users/danie/AppData/Local/Temp/UnrealShaderWorkingDir/CDEB0455494FD53FC114BA937B100544/'.
[2021.12.21-00.02.04:046][  0]LogXGEController: Cannot use XGE Controller as Incredibuild is not installed on this machine.
[2021.12.21-00.02.04:046][  0]LogShaderCompilers: Cannot use XGE Shader Compiler as Incredibuild is not installed on this machine.
[2021.12.21-00.02.04:046][  0]LogShaderCompilers: Display: Using Local Shader Compiler.
[2021.12.21-00.02.05:412][  0]LogDerivedDataCache: Display: Max Cache Size: 512 MB
[2021.12.21-00.02.05:584][  0]LogDerivedDataCache: Loaded boot cache 0.17s 75MB C:/Users/danie/AppData/Local/UnrealEngine/4.25/DerivedDataCache/Boot.ddc.
[2021.12.21-00.02.05:584][  0]LogDerivedDataCache: Display: Loaded Boot cache: C:/Users/danie/AppData/Local/UnrealEngine/4.25/DerivedDataCache/Boot.ddc
[2021.12.21-00.02.05:655][  0]LogDerivedDataCache: FDerivedDataBackendGraph:  Pak pak cache file D:/IDVRV/8vo Semestre/Realidad Virtual y Aumentada/Opcional/Tarea2_Battlecity/DerivedDataCache/DDC.ddp not found, will not use a pak cache.
[2021.12.21-00.02.05:655][  0]LogDerivedDataCache: Unable to find inner node Pak for hierarchical cache Hierarchy.
[2021.12.21-00.02.05:656][  0]LogDerivedDataCache: FDerivedDataBackendGraph:  CompressedPak pak cache file D:/IDVRV/8vo Semestre/Realidad Virtual y Aumentada/Opcional/Tarea2_Battlecity/DerivedDataCache/Compressed.ddp not found, will not use a pak cache.
[2021.12.21-00.02.05:656][  0]LogDerivedDataCache: Unable to find inner node CompressedPak for hierarchical cache Hierarchy.
[2021.12.21-00.02.05:680][  0]LogDerivedDataCache: Display: Pak cache opened for reading ../../../Engine/DerivedDataCache/Compressed.ddp.
[2021.12.21-00.02.05:681][  0]LogDerivedDataCache: FDerivedDataBackendGraph:  EnterprisePak pak cache file ../../../Enterprise/DerivedDataCache/Compressed.ddp not found, will not use a pak cache.
[2021.12.21-00.02.05:681][  0]LogDerivedDataCache: Unable to find inner node EnterprisePak for hierarchical cache Hierarchy.
[2021.12.21-00.02.05:683][  0]LogDerivedDataCache: Using Local data cache path C:/Users/danie/AppData/Local/UnrealEngine/Common/DerivedDataCache: Writable
[2021.12.21-00.02.05:683][  0]LogDerivedDataCache: Shared data cache path not found in *engine.ini, will not use an Shared cache.
[2021.12.21-00.02.05:683][  0]LogDerivedDataCache: Unable to find inner node Shared for hierarchical cache Hierarchy.
[2021.12.21-00.02.05:762][  0]LogSlate: Using FreeType 2.10.0
[2021.12.21-00.02.05:762][  0]LogSlate: SlateFontServices - WITH_FREETYPE: 1, WITH_HARFBUZZ: 1
[2021.12.21-00.02.05:798][  0]LogAssetRegistry: FAssetRegistry took 0.0037 seconds to start up
[2021.12.21-00.02.06:193][  0]LogInit: Selected Device Profile: [Windows]
[2021.12.21-00.02.06:349][  0]LogMeshReduction: Using QuadricMeshReduction for automatic static mesh reduction
[2021.12.21-00.02.06:349][  0]LogMeshReduction: Using SimplygonMeshReduction for automatic skeletal mesh reduction
[2021.12.21-00.02.06:349][  0]LogMeshReduction: Using ProxyLODMeshReduction for automatic mesh merging
[2021.12.21-00.02.06:349][  0]LogMeshReduction: No distributed automatic mesh merging module available
[2021.12.21-00.02.06:349][  0]LogMeshMerging: No distributed automatic mesh merging module available
[2021.12.21-00.02.06:373][  0]LogNetVersion: Pacman 1.0.0, NetCL: 13144385, EngineNetVer: 14, GameNetVer: 0 (Checksum: 3719311490)
[2021.12.21-00.02.07:150][  0]LogAISub: UAISubsystem::UAISubsystem AISubsystem (000001AD3D1B1BC0), frame # 0
[2021.12.21-00.02.07:150][  0]LogAISub: UAISubsystem::UAISubsystem AIPerceptionSystem (000001AD3CF89E40), frame # 0
[2021.12.21-00.02.07:152][  0]LogAISub: UAISubsystem::UAISubsystem EnvQueryManager (000001AD3D170800), frame # 0
[2021.12.21-00.02.07:240][  0]LogPackageLocalizationCache: Processed 19 localized package path(s) for 1 prioritized culture(s) in 0.079207 seconds
[2021.12.21-00.02.07:245][  0]LogUObjectArray: 15917 objects as part of root set at end of initial load.
[2021.12.21-00.02.07:245][  0]LogUObjectAllocator: 3965568 out of 0 bytes used by permanent object pool.
[2021.12.21-00.02.07:245][  0]LogUObjectArray: CloseDisregardForGC: 0/0 objects in disregard for GC pool
[2021.12.21-00.02.07:648][  0]LogTcpMessaging: Initializing TcpMessaging bridge
[2021.12.21-00.02.07:652][  0]LogUdpMessaging: Initializing bridge on interface 0.0.0.0:0 to multicast group 230.0.0.1:6666.
[2021.12.21-00.02.07:745][  0]SourceControl: Source control is disabled
[2021.12.21-00.02.07:746][  0]SourceControl: Source control is disabled
[2021.12.21-00.02.07:751][  0]SourceControl: Source control is disabled
[2021.12.21-00.02.07:757][  0]SourceControl: Source control is disabled
[2021.12.21-00.02.07:764][  0]SourceControl: Source control is disabled
[2021.12.21-00.02.07:781][  0]LogVSAccessor: Display: Unable to create Visual Studio setup instance: 80040154
[2021.12.21-00.02.07:781][  0]LogVSAccessor: Display: Unable to create Visual Studio setup instance: 80040154
[2021.12.21-00.02.08:015][  0]LogAndroidPermission: UAndroidPermissionCallbackProxy::GetInstance
[2021.12.21-00.02.08:032][  0]LogAudioCaptureCore: Display: No Audio Capture implementations found. Audio input will be silent.
[2021.12.21-00.02.08:032][  0]LogAudioCaptureCore: Display: No Audio Capture implementations found. Audio input will be silent.
[2021.12.21-00.02.08:097][  0]LogOcInput: OculusInput pre-init called
[2021.12.21-00.02.08:114][  0]LogWindows: Failed to load 'OVRPlugin.dll' (GetLastError=126)
[2021.12.21-00.02.08:114][  0]LogWindows: File 'OVRPlugin.dll' does not exist
[2021.12.21-00.02.08:220][  0]LogEngine: Initializing Engine...
[2021.12.21-00.02.08:225][  0]LogHMD: Failed to initialize OpenVR with code 110
[2021.12.21-00.02.08:225][  0]LogMagicLeap: Warning: VR disabled because ZI is not enabled.  To enable, in the editor, Edit -> Project Settings -> Plugins -> Magic Leap Plugin -> Enable Zero Iteration
[2021.12.21-00.02.08:227][  0]LogStats: UGameplayTagsManager::InitializeManager -  0.001 s
[2021.12.21-00.02.08:649][  0]LogInit: Initializing FReadOnlyCVARCache
[2021.12.21-00.02.08:665][  0]LogAIModule: Creating AISystem for world Untitled
[2021.12.21-00.02.08:665][  0]LogAISub: UAISubsystem::UAISubsystem EnvQueryManager (000001AD3F67DC00), frame # 0
[2021.12.21-00.02.08:665][  0]LogAISub: UAISubsystem::UAISubsystem AIPerceptionSystem (000001AD3F6B5A80), frame # 0
[2021.12.21-00.02.08:676][  0]LogAudioMixer: Display: Audio Mixer Platform Settings:
[2021.12.21-00.02.08:676][  0]LogAudioMixer: Display: 	Sample Rate:						  48000
[2021.12.21-00.02.08:676][  0]LogAudioMixer: Display: 	Callback Buffer Frame Size Requested: 1024
[2021.12.21-00.02.08:676][  0]LogAudioMixer: Display: 	Callback Buffer Frame Size To Use:	  1024
[2021.12.21-00.02.08:676][  0]LogAudioMixer: Display: 	Number of buffers to queue:			  2
[2021.12.21-00.02.08:676][  0]LogAudioMixer: Display: 	Max Channels (voices):				  32
[2021.12.21-00.02.08:676][  0]LogAudioMixer: Display: 	Number of Async Source Workers:		  0
[2021.12.21-00.02.08:676][  0]LogAudio: Display: AudioDevice MaxSources: 32
[2021.12.21-00.02.08:676][  0]LogAudio: Display: Using built-in audio occlusion.
[2021.12.21-00.02.08:676][  0]LogAudioMixer: Display: Initializing audio mixer.
[2021.12.21-00.02.08:705][  0]LogAudioMixer: Display: 0: FrontLeft
[2021.12.21-00.02.08:705][  0]LogAudioMixer: Display: 1: FrontRight
[2021.12.21-00.02.08:758][  0]LogAudioMixer: Display: Using Audio Device Altavoces (Realtek(R) Audio)
[2021.12.21-00.02.08:758][  0]LogAudioMixer: Display: Initializing Sound Submixes...
[2021.12.21-00.02.08:761][  0]LogAudioMixer: Display: Creating Master Submix 'MasterSubmixDefault'
[2021.12.21-00.02.08:761][  0]LogAudioMixer: Display: Creating Master Submix 'MasterReverbSubmixDefault'
[2021.12.21-00.02.08:763][  0]LogAudioMixer: Display: Creating Master Submix 'MasterEQSubmixDefault'
[2021.12.21-00.02.08:764][  0]LogInit: FAudioDevice initialized.
[2021.12.21-00.02.08:764][  0]LogNetVersion: Set ProjectVersion to 1.0.0.0. Version Checksum will be recalculated on next use.
[2021.12.21-00.02.08:839][  0]LogDerivedDataCache: Saved boot cache 0.07s 75MB C:/Users/danie/AppData/Local/UnrealEngine/4.25/DerivedDataCache/Boot.ddc.
[2021.12.21-00.02.08:839][  0]LogInit: Texture streaming: Enabled
[2021.12.21-00.02.08:862][  0]LogEngineSessionManager: EngineSessionManager initialized
[2021.12.21-00.02.08:862][  0]LogEditorSessionSummary: Verbose: Initializing EditorSessionSummaryWriter for editor session tracking
[2021.12.21-00.02.08:865][  0]LogEditorSessionSummary: EditorSessionSummaryWriter initialized
[2021.12.21-00.02.08:918][  0]LogInit: Transaction tracking system initialized
[2021.12.21-00.02.08:943][  0]BlueprintLog: New page: Editor Load
[2021.12.21-00.02.09:031][  0]LocalizationService: Localization service is disabled
[2021.12.21-00.02.09:441][  0]LogVSAccessor: Display: Unable to create Visual Studio setup instance: 80040154
[2021.12.21-00.02.09:441][  0]LogVSAccessor: Display: Unable to create Visual Studio setup instance: 80040154
[2021.12.21-00.02.09:525][  0]LogCook: Display: Max memory allowance for cook 16384mb min free memory 0mb
[2021.12.21-00.02.09:526][  0]LogCook: Display: Mobile HDR setting 1
[2021.12.21-00.02.09:618][  0]LogFileCache: Scanning file cache for directory 'D:/IDVRV/8vo Semestre/Realidad Virtual y Aumentada/Opcional/Tarea2_Battlecity/Content/' took 0.01s
[2021.12.21-00.02.09:898][  0]SourceControl: Source control is disabled
[2021.12.21-00.02.09:898][  0]LogUnrealEdMisc: Loading editor; pre map load, took 9.815
[2021.12.21-00.02.09:898][  0]Cmd: MAP LOAD FILE="D:/IDVRV/8vo Semestre/Realidad Virtual y Aumentada/Opcional/Tarea2_Battlecity/Content/TwinStickBP/Maps/TwinStickExampleMap.umap" TEMPLATE=0 SHOWPROGRESS=1 FEATURELEVEL=3
[2021.12.21-00.02.09:898][  0]LightingResults: New page: Lighting Build
[2021.12.21-00.02.09:899][  0]LogWorld: UWorld::CleanupWorld for Untitled, bSessionEnded=true, bCleanupResources=true
[2021.12.21-00.02.09:899][  0]LogSlate: InvalidateAllWidgets triggered.  All widgets were invalidated
[2021.12.21-00.02.09:899][  0]MapCheck: New page: Map Check
[2021.12.21-00.02.09:899][  0]LightingResults: New page: Lighting Build
[2021.12.21-00.02.09:907][  0]LogAISub: UAISubsystem::~UAISubsystem EnvQueryManager (000001AD3F67DC00), frame # 0
[2021.12.21-00.02.09:907][  0]LogAISub: UAISubsystem::~UAISubsystem AIPerceptionSystem (000001AD3F6B5A80), frame # 0
[2021.12.21-00.02.09:908][  0]LogUObjectHash: Compacting FUObjectHashTables data took   0.59ms
[2021.12.21-00.02.11:173][  0]LogAIModule: Creating AISystem for world TwinStickExampleMap
[2021.12.21-00.02.11:173][  0]LogAISub: UAISubsystem::UAISubsystem EnvQueryManager (000001AD2E707E00), frame # 0
[2021.12.21-00.02.11:173][  0]LogAISub: UAISubsystem::UAISubsystem AIPerceptionSystem (000001AD2E77E5C0), frame # 0
[2021.12.21-00.02.11:201][  0]LogEditorServer: Finished looking for orphan Actors (0.000 secs)
[2021.12.21-00.02.11:217][  0]LogUObjectHash: Compacting FUObjectHashTables data took   0.82ms
[2021.12.21-00.02.11:217][  0]Cmd: MAP CHECKDEP NOCLEARLOG
[2021.12.21-00.02.11:217][  0]MapCheck: Map check complete: 0 Error(s), 0 Warning(s), took 0.101ms to complete.
[2021.12.21-00.02.11:218][  0]LogFileHelpers: Loading map 'TwinStickExampleMap' took 1.320
[2021.12.21-00.02.11:219][  0]LogUnrealEdMisc: Total Editor Startup Time, took 11.137
[2021.12.21-00.02.11:964][  0]LogSlate: Updating window title bar state: overlay mode, drag disabled, window buttons hidden, title bar hidden
[2021.12.21-00.02.11:971][  0]LogSlate: Updating window title bar state: overlay mode, drag disabled, window buttons hidden, title bar hidden
[2021.12.21-00.02.11:977][  0]LogSlate: Updating window title bar state: overlay mode, drag disabled, window buttons hidden, title bar hidden
[2021.12.21-00.02.11:983][  0]LogSlate: Updating window title bar state: overlay mode, drag disabled, window buttons hidden, title bar hidden
[2021.12.21-00.02.11:996][  0]LogCollectionManager: Loaded 0 collections in 0.001701 seconds
[2021.12.21-00.02.12:025][  0]LogFileCache: Scanning file cache for directory 'D:/IDVRV/8vo Semestre/Realidad Virtual y Aumentada/Opcional/Tarea2_Battlecity/Saved/Collections/' took 0.00s
[2021.12.21-00.02.12:025][  0]LogFileCache: Scanning file cache for directory 'D:/IDVRV/8vo Semestre/Realidad Virtual y Aumentada/Opcional/Tarea2_Battlecity/Content/Developers/Dwanwii/Collections/' took 0.00s
[2021.12.21-00.02.12:025][  0]LogFileCache: Scanning file cache for directory 'D:/IDVRV/8vo Semestre/Realidad Virtual y Aumentada/Opcional/Tarea2_Battlecity/Content/Collections/' took 0.00s
[2021.12.21-00.02.12:025][  0]LogContentBrowser: Native class hierarchy populated in 0.0086 seconds. Added 3427 classes and 821 folders.
[2021.12.21-00.02.12:035][  0]LogContentBrowser: Native class hierarchy updated for 'WidgetCarousel' in 0.0003 seconds. Added 0 classes and 0 folders.
[2021.12.21-00.02.12:407][  0]LogContentBrowser: Native class hierarchy updated for 'AddContentDialog' in 0.0005 seconds. Added 0 classes and 0 folders.
[2021.12.21-00.02.12:413][  0]LogContentBrowser: Native class hierarchy updated for 'SceneOutliner' in 0.0004 seconds. Added 2 classes and 0 folders.
[2021.12.21-00.02.12:435][  0]LogContentBrowser: Native class hierarchy updated for 'WorldBrowser' in 0.0003 seconds. Added 2 classes and 3 folders.
[2021.12.21-00.02.12:566][  0]LogSlate: Took 0.000318 seconds to synchronously load lazily loaded font '../../../Engine/Content/Slate/Fonts/Roboto-Regular.ttf' (155K)
[2021.12.21-00.02.12:569][  0]LogSlate: Took 0.000243 seconds to synchronously load lazily loaded font '../../../Engine/Content/Slate/Fonts/Roboto-Bold.ttf' (160K)
[2021.12.21-00.02.12:581][  0]LogSlate: Took 0.006076 seconds to synchronously load lazily loaded font '../../../Engine/Content/Editor/Slate/Fonts/FontAwesome.ttf' (139K)
[2021.12.21-00.02.12:679][  0]LogRenderer: Reallocating scene render targets to support 1236x548 Format 10 NumSamples 1 (Frame:1).
[2021.12.21-00.02.12:874][  0]LogContentBrowser: Native class hierarchy updated for 'HierarchicalLODOutliner' in 0.0004 seconds. Added 0 classes and 0 folders.
[2021.12.21-00.02.12:875][  0]LogLoad: (Engine Initialization) Total time: 12.79 seconds
[2021.12.21-00.02.12:875][  0]LogLoad: (Engine Initialization) Total Blueprint compile time: 0.00 seconds
[2021.12.21-00.02.12:980][  0]LogAssetRegistry: Asset discovery search completed in 7.1828 seconds
[2021.12.21-00.02.12:983][  0]LogCollectionManager: Fixed up redirectors for 0 collections in 0.000002 seconds (updated 0 objects)
[2021.12.21-00.02.12:988][  0]LogContentStreaming: Texture pool size now 1000 MB
[2021.12.21-00.02.13:035][  0]LogSlate: Took 0.005959 seconds to synchronously load lazily loaded font '../../../Engine/Content/Slate/Fonts/Roboto-Light.ttf' (167K)
[2021.12.21-00.02.13:926][ 30]LogSlate: Took 0.000183 seconds to synchronously load lazily loaded font '../../../Engine/Content/Slate/Fonts/Roboto-Light.ttf' (167K)
[2021.12.21-00.03.32:085][394]LogEditorViewport: Clicking on Actor (LMB): BP_Floor_C (BP_Floor)
[2021.12.21-00.03.35:437][588]LogTemp: Repeating last play command: Selected Viewport
[2021.12.21-00.03.35:453][588]LogPlayLevel: PlayLevel: No blueprints needed recompiling
[2021.12.21-00.03.35:461][588]PIE: New page: PIE session: TwinStickExampleMap (Dec 20, 2021, 6:03:35 PM)
[2021.12.21-00.03.35:463][588]LogOnline: OSS: Creating online subsystem instance for: NULL
[2021.12.21-00.03.35:466][588]LogOnline: OSS: TryLoadSubsystemAndSetDefault: Loaded subsystem for module [NULL]
[2021.12.21-00.03.35:466][588]LogPlayLevel: Creating play world package: /Game/TwinStickBP/Maps/UEDPIE_0_TwinStickExampleMap
[2021.12.21-00.03.35:474][588]LogPlayLevel: PIE: StaticDuplicateObject took: (0.008010s)
[2021.12.21-00.03.35:475][588]LogAIModule: Creating AISystem for world TwinStickExampleMap
[2021.12.21-00.03.35:475][588]LogAISub: UAISubsystem::UAISubsystem EnvQueryManager (000001AD77EC3E00), frame # 2588
[2021.12.21-00.03.35:475][588]LogAISub: UAISubsystem::UAISubsystem AIPerceptionSystem (000001AD3F68D580), frame # 2588
[2021.12.21-00.03.35:475][588]LogPlayLevel: PIE: World Init took: (0.001413s)
[2021.12.21-00.03.35:476][588]LogPlayLevel: PIE: Created PIE world by copying editor world from /Game/TwinStickBP/Maps/TwinStickExampleMap.TwinStickExampleMap to /Game/TwinStickBP/Maps/UEDPIE_0_TwinStickExampleMap.TwinStickExampleMap (0.009769s)
[2021.12.21-00.03.35:487][588]LogUObjectHash: Compacting FUObjectHashTables data took   0.56ms
[2021.12.21-00.03.35:489][588]LogAudioMixer: Display: Audio Mixer Platform Settings:
[2021.12.21-00.03.35:490][588]LogAudioMixer: Display: 	Sample Rate:						  48000
[2021.12.21-00.03.35:490][588]LogAudioMixer: Display: 	Callback Buffer Frame Size Requested: 1024
[2021.12.21-00.03.35:490][588]LogAudioMixer: Display: 	Callback Buffer Frame Size To Use:	  1024
[2021.12.21-00.03.35:490][588]LogAudioMixer: Display: 	Number of buffers to queue:			  2
[2021.12.21-00.03.35:490][588]LogAudioMixer: Display: 	Max Channels (voices):				  32
[2021.12.21-00.03.35:490][588]LogAudioMixer: Display: 	Number of Async Source Workers:		  0
[2021.12.21-00.03.35:490][588]LogAudio: Display: AudioDevice MaxSources: 32
[2021.12.21-00.03.35:490][588]LogAudio: Display: Using built-in audio occlusion.
[2021.12.21-00.03.35:490][588]LogAudioMixer: Display: Initializing audio mixer.
[2021.12.21-00.03.35:492][588]LogAudioMixer: Display: 0: FrontLeft
[2021.12.21-00.03.35:492][588]LogAudioMixer: Display: 1: FrontRight
[2021.12.21-00.03.35:509][588]LogAudioMixer: Display: Using Audio Device Altavoces (Realtek(R) Audio)
[2021.12.21-00.03.35:509][588]LogAudioMixer: Display: Initializing Sound Submixes...
[2021.12.21-00.03.35:509][588]LogAudioMixer: Display: Creating Master Submix 'MasterSubmixDefault'
[2021.12.21-00.03.35:509][588]LogAudioMixer: Display: Creating Master Submix 'MasterReverbSubmixDefault'
[2021.12.21-00.03.35:510][588]LogAudioMixer: Display: Creating Master Submix 'MasterEQSubmixDefault'
[2021.12.21-00.03.35:521][588]LogInit: FAudioDevice initialized.
[2021.12.21-00.03.35:531][588]LogLoad: Game class is 'TwinStickGameMode_C'
[2021.12.21-00.03.35:539][588]LogWorld: Bringing World /Game/TwinStickBP/Maps/UEDPIE_0_TwinStickExampleMap.TwinStickExampleMap up for play (max tick rate 60) at 2021.12.20-21.03.35
[2021.12.21-00.03.35:541][588]LogWorld: Bringing up level for play took: 0.002349
[2021.12.21-00.03.35:542][588]LogOnline: OSS: Creating online subsystem instance for: :Context_9
[2021.12.21-00.03.35:550][588]LogContentBrowser: Native class hierarchy updated for 'MovieSceneCapture' in 0.0004 seconds. Added 20 classes and 0 folders.
[2021.12.21-00.03.35:561][588]PIE: Server logged in
[2021.12.21-00.03.35:562][588]PIE: Play in editor total start time 0.115 seconds.
[2021.12.21-00.03.46:034][196]LogSlate: Updating window title bar state: overlay mode, drag disabled, window buttons hidden, title bar hidden
[2021.12.21-00.03.46:034][196]LogWorld: BeginTearingDown for /Game/TwinStickBP/Maps/UEDPIE_0_TwinStickExampleMap
[2021.12.21-00.03.46:034][196]LogWorld: UWorld::CleanupWorld for TwinStickExampleMap, bSessionEnded=true, bCleanupResources=true
[2021.12.21-00.03.46:035][196]LogSlate: InvalidateAllWidgets triggered.  All widgets were invalidated
[2021.12.21-00.03.46:039][196]LogPlayLevel: Display: Shutting down PIE online subsystems
[2021.12.21-00.03.46:041][196]LogSlate: InvalidateAllWidgets triggered.  All widgets were invalidated
[2021.12.21-00.03.46:062][196]LogSlate: Updating window title bar state: overlay mode, drag disabled, window buttons hidden, title bar hidden
[2021.12.21-00.03.46:063][196]LogAISub: UAISubsystem::~UAISubsystem AIPerceptionSystem (000001AD3F68D580), frame # 3196
[2021.12.21-00.03.46:063][196]LogAISub: UAISubsystem::~UAISubsystem EnvQueryManager (000001AD77EC3E00), frame # 3196
[2021.12.21-00.03.46:064][196]LogUObjectHash: Compacting FUObjectHashTables data took   0.54ms
[2021.12.21-00.03.46:098][198]LogPlayLevel: Display: Destroying online subsystem :Context_9
[2021.12.21-00.04.09:376][422]LogAssetEditorSubsystem: Opening Asset editor for Blueprint /Game/TwinStickBP/Blueprints/TwinStickGameMode.TwinStickGameMode
[2021.12.21-00.04.09:653][422]LogContentBrowser: Native class hierarchy updated for 'BlueprintGraph' in 0.0005 seconds. Added 125 classes and 0 folders.
[2021.12.21-00.04.19:037][932]LogSlate: Window 'TwinStickGameMode' being destroyed
[2021.12.21-00.04.19:042][932]LogSlate: Window 'TwinStickGameMode' being destroyed
[2021.12.21-00.04.19:043][932]LogWorld: UWorld::CleanupWorld for World_8, bSessionEnded=true, bCleanupResources=true
[2021.12.21-00.04.19:043][932]LogSlate: InvalidateAllWidgets triggered.  All widgets were invalidated
[2021.12.21-00.06.13:451][308]LogHttp: Warning: 000001ADAB92CF00: invalid HTTP response code received. URL: https://datarouter.ol.epicgames.com/datarouter/api/v1/public/data?SessionID=%7BAA11E0D7-477B-B26E-1BF1-A59CBDE6C7B3%7D&AppID=UEEditor.Rocket.Release&AppVersion=4.25.4-14469661%2B%2B%2BUE4%2BRelease-4.25&UserID=885ea52345602d73380519b8bd89d7c2%7C1669288b648246528d294f5a0c311863%7C26e6fb0d-9219-4c08-9549-f638d27cb9d1&AppEnvironment=datacollector-source&UploadType=eteventstream, HTTP code: 0, content length: 0, actual payload size: 0
[2021.12.21-00.06.13:451][308]LogHttp: Warning: 000001ADAB92CF00: request failed, libcurl error: 56 (Failure when receiving data from the peer)
[2021.12.21-00.06.13:451][308]LogHttp: Warning: 000001ADAB92CF00: libcurl info message cache 0 (Found bundle for host datarouter.ol.epicgames.com: 0x1ad18caff70 [can pipeline])
[2021.12.21-00.06.13:451][308]LogHttp: Warning: 000001ADAB92CF00: libcurl info message cache 1 (Re-using existing connection! (#1) with host datarouter.ol.epicgames.com)
[2021.12.21-00.06.13:451][308]LogHttp: Warning: 000001ADAB92CF00: libcurl info message cache 2 (Connected to datarouter.ol.epicgames.com (54.226.73.98) port 443 (#1))
[2021.12.21-00.06.13:451][308]LogHttp: Warning: 000001ADAB92CF00: libcurl info message cache 3 (We are completely uploaded and fine)
[2021.12.21-00.06.13:451][308]LogHttp: Warning: 000001ADAB92CF00: libcurl info message cache 4 (OpenSSL SSL_read: SSL_ERROR_SYSCALL, errno 10054)
[2021.12.21-00.06.13:452][308]LogHttp: Warning: 000001ADAB92CF00: libcurl info message cache 5 (Connection died, retrying a fresh connect)
[2021.12.21-00.06.13:452][308]LogHttp: Warning: 000001ADAB92CF00: libcurl info message cache 6 (necessary data rewind wasn't possible)
[2021.12.21-00.06.13:452][308]LogHttp: Warning: 000001ADAB92CF00: libcurl info message cache 7 (Closing connection 1)
[2021.12.21-00.06.13:452][308]LogHttp: Warning: Retry exhausted on https://datarouter.ol.epicgames.com/datarouter/api/v1/public/data?SessionID=%7BAA11E0D7-477B-B26E-1BF1-A59CBDE6C7B3%7D&AppID=UEEditor.Rocket.Release&AppVersion=4.25.4-14469661%2B%2B%2BUE4%2BRelease-4.25&UserID=885ea52345602d73380519b8bd89d7c2%7C1669288b648246528d294f5a0c311863%7C26e6fb0d-9219-4c08-9549-f638d27cb9d1&AppEnvironment=datacollector-source&UploadType=eteventstream
[2021.12.21-00.21.27:219][842]LogEditorViewport: Clicking on Actor (LMB): BP_Floor_C (BP_Floor)
[2021.12.21-00.22.24:196][190]LogUObjectHash: Compacting FUObjectHashTables data took  16.70ms
[2021.12.21-00.22.25:235][190]LogSavePackage: Moving 'D:/IDVRV/8vo Semestre/Realidad Virtual y Aumentada/Opcional/Tarea2_Battlecity/Saved/TwinStickExampleMap_Auto1981CC7AD4699BA33D01771B3B484774E.tmp' to 'D:/IDVRV/8vo Semestre/Realidad Virtual y Aumentada/Opcional/Tarea2_Battlecity/Saved/Autosaves/Game/TwinStickBP/Maps/TwinStickExampleMap_Auto1.umap'
[2021.12.21-00.22.25:250][190]LogFileHelpers: Editor autosave (incl. sublevels) for '/Game/TwinStickBP/Maps/TwinStickExampleMap' took 1.160
[2021.12.21-00.22.25:250][190]LogFileHelpers: Editor autosave (incl. sublevels) for all levels took 1.160
[2021.12.21-00.28.00:519][566]LogEditorViewport: Clicking on Actor (context menu): BP_Floor_C (BP_Floor)
[2021.12.21-00.28.28:082][163]LogUObjectHash: Compacting FUObjectHashTables data took   3.74ms
[2021.12.21-00.28.28:158][163]LogUObjectHash: Compacting FUObjectHashTables data took   3.69ms
[2021.12.21-00.28.28:163][163]LogMetaData: Removing '/Game/TwinStickBP/Blueprints/BP_Gameinstance.BP_Gameinstance_C' ref from Metadata '/Game/TwinStickBP/Blueprints/NewBlueprint1.PackageMetaData'
[2021.12.21-00.28.28:163][163]LogMetaData: Removing '/Game/TwinStickBP/Blueprints/BP_Gameinstance.SKEL_BP_Gameinstance_C' ref from Metadata '/Game/TwinStickBP/Blueprints/NewBlueprint1.PackageMetaData'
[2021.12.21-00.28.28:221][163]LogSavePackage: Moving 'D:/IDVRV/8vo Semestre/Realidad Virtual y Aumentada/Opcional/Tarea2_Battlecity/Saved/BP_GameinstanceB30B0D72440A79052F044C9F742A07C7.tmp' to 'D:/IDVRV/8vo Semestre/Realidad Virtual y Aumentada/Opcional/Tarea2_Battlecity/Content/TwinStickBP/Blueprints/BP_Gameinstance.uasset'
[2021.12.21-00.28.28:520][163]LogUObjectHash: Compacting FUObjectHashTables data took   3.32ms
[2021.12.21-00.28.28:557][163]LogUObjectHash: Compacting FUObjectHashTables data took   2.12ms
[2021.12.21-00.28.28:581][163]LogUObjectHash: Compacting FUObjectHashTables data took   0.54ms
[2021.12.21-00.28.28:652][163]Cmd: OBJ SAVEPACKAGE PACKAGE="/Game/Widget/WG_Direcctions" FILE="D:/IDVRV/8vo Semestre/Realidad Virtual y Aumentada/Opcional/Tarea2_Battlecity/Content/Widget/WG_Direcctions.uasset" SILENT=true
[2021.12.21-00.28.28:697][163]LogSavePackage: Moving 'D:/IDVRV/8vo Semestre/Realidad Virtual y Aumentada/Opcional/Tarea2_Battlecity/Saved/WG_Direcctions3143C43B41FF06C603CDE6A1BEAE899D.tmp' to 'D:/IDVRV/8vo Semestre/Realidad Virtual y Aumentada/Opcional/Tarea2_Battlecity/Content/Widget/WG_Direcctions.uasset'
[2021.12.21-00.28.28:808][163]AssetCheck: New page: Asset Save: multiple assets
[2021.12.21-00.28.28:808][163]LogContentValidation: Display: Validating Blueprint /Game/TwinStickBP/Blueprints/BP_Gameinstance.BP_Gameinstance
[2021.12.21-00.28.28:808][163]LogContentValidation: Display: Validating WidgetBlueprint /Game/Widget/WG_Direcctions.WG_Direcctions
[2021.12.21-00.28.30:694][260]LogAssetEditorSubsystem: Opening Asset editor for Blueprint /Game/TwinStickBP/Blueprints/BP_Gameinstance.BP_Gameinstance
[2021.12.21-00.28.31:627][260]LogSlate: Took 0.001633 seconds to synchronously load lazily loaded font '../../../Engine/Content/Slate/Fonts/Roboto-BoldCondensed.ttf' (158K)
[2021.12.21-00.28.35:478][470]LogSlate: Window 'BP_Gameinstance' being destroyed
[2021.12.21-00.28.57:985][753]LogAssetEditorSubsystem: Opening Asset editor for Blueprint /Game/TwinStickBP/Blueprints/BP_PlayerTank.BP_PlayerTank
[2021.12.21-00.28.58:686][754]LogSlate: Took 0.008463 seconds to synchronously load lazily loaded font '../../../Engine/Content/Slate/Fonts/Roboto-Italic.ttf' (157K)
