Log file open, 12/15/20 20:16:34
LogWindows: Failed to load 'aqProf.dll' (GetLastError=126)
LogWindows: File 'aqProf.dll' does not exist
LogWindows: Failed to load 'VtuneApi.dll' (GetLastError=126)
LogWindows: File 'VtuneApi.dll' does not exist
LogWindows: Failed to load 'VtuneApi32e.dll' (GetLastError=126)
LogWindows: File 'VtuneApi32e.dll' does not exist
LogConsoleResponse: Display: Failed to find resolution value strings in scalability ini. Falling back to default.
LogInit: Display: Running engine for game: Tarea2_Battlecity
LogPlatformFile: Not using cached read wrapper
LogTaskGraph: Started task graph with 5 named threads and 23 total threads with 3 sets of task threads.
LogStats: Stats thread started at 0.092521
LogD3D11RHI: Loaded GFSDK_Aftermath_Lib.x64.dll
LogICUInternationalization: ICU TimeZone Detection - Raw Offset: -4:00, Platform Override: ''
LogPluginManager: Mounting plugin Paper2D
LogPluginManager: Mounting plugin AISupport
LogPluginManager: Mounting plugin LightPropagationVolume
LogPluginManager: Mounting plugin ActorLayerUtilities
LogPluginManager: Mounting plugin AnimationSharing
LogPluginManager: Mounting plugin CLionSourceCodeAccess
LogPluginManager: Mounting plugin CodeLiteSourceCodeAccess
LogPluginManager: Mounting plugin GitSourceControl
LogPluginManager: Mounting plugin KDevelopSourceCodeAccess
LogPluginManager: Mounting plugin NullSourceCodeAccess
LogPluginManager: Mounting plugin PerforceSourceControl
LogPluginManager: Mounting plugin PlasticSourceControl
LogPluginManager: Mounting plugin SubversionSourceControl
LogPluginManager: Mounting plugin UObjectPlugin
LogPluginManager: Mounting plugin VisualStudioCodeSourceCodeAccess
LogPluginManager: Mounting plugin VisualStudioSourceCodeAccess
LogPluginManager: Mounting plugin XCodeSourceCodeAccess
LogPluginManager: Mounting plugin AssetManagerEditor
LogPluginManager: Mounting plugin CryptoKeys
LogPluginManager: Mounting plugin CurveEditorTools
LogPluginManager: Mounting plugin DataValidation
LogPluginManager: Mounting plugin FacialAnimation
LogPluginManager: Mounting plugin GameplayTagsEditor
LogPluginManager: Mounting plugin MacGraphicsSwitching
LogPluginManager: Mounting plugin MaterialAnalyzer
LogPluginManager: Mounting plugin MobileLauncherProfileWizard
LogPluginManager: Mounting plugin PluginBrowser
LogPluginManager: Mounting plugin SpeedTreeImporter
LogPluginManager: Mounting plugin DatasmithContent
LogPluginManager: Mounting plugin VariantManagerContent
LogPluginManager: Mounting plugin AlembicImporter
LogPluginManager: Mounting plugin AutomationUtils
LogPluginManager: Mounting plugin BackChannel
LogPluginManager: Mounting plugin CharacterAI
LogPluginManager: Mounting plugin GeometryCache
LogPluginManager: Mounting plugin PlatformCrypto
LogPluginManager: Mounting plugin ProxyLODPlugin
LogPluginManager: Mounting plugin SkeletalReduction
LogPluginManager: Mounting plugin MagicLeap
LogPluginManager: Mounting plugin MagicLeapMedia
LogPluginManager: Mounting plugin MLSDK
LogPluginManager: Mounting plugin AndroidMedia
LogPluginManager: Mounting plugin AvfMedia
LogPluginManager: Mounting plugin ImgMedia
LogPluginManager: Mounting plugin MediaCompositing
LogPluginManager: Mounting plugin MediaPlayerEditor
LogPluginManager: Mounting plugin WebMMedia
LogPluginManager: Mounting plugin WmfMedia
LogPluginManager: Mounting plugin TcpMessaging
LogPluginManager: Mounting plugin UdpMessaging
LogPluginManager: Mounting plugin ActorSequence
LogPluginManager: Mounting plugin LevelSequenceEditor
LogPluginManager: Mounting plugin MatineeToLevelSequence
LogPluginManager: Mounting plugin NetcodeUnitTest
LogPluginManager: Mounting plugin NUTUnrealEngine4
LogPluginManager: Mounting plugin OnlineSubsystemGooglePlay
LogPluginManager: Mounting plugin OnlineSubsystemIOS
LogPluginManager: Mounting plugin OnlineSubsystem
LogPluginManager: Mounting plugin OnlineSubsystemNull
LogPluginManager: Mounting plugin OnlineSubsystemUtils
LogPluginManager: Mounting plugin LauncherChunkInstaller
LogPluginManager: Mounting plugin AndroidDeviceProfileSelector
LogPluginManager: Mounting plugin AndroidMoviePlayer
LogPluginManager: Mounting plugin AndroidPermission
LogPluginManager: Mounting plugin AppleImageUtils
LogPluginManager: Mounting plugin AppleMoviePlayer
LogPluginManager: Mounting plugin ArchVisCharacter
LogPluginManager: Mounting plugin AssetTags
LogPluginManager: Mounting plugin AudioCapture
LogPluginManager: Mounting plugin CableComponent
LogPluginManager: Mounting plugin CustomMeshComponent
LogPluginManager: Mounting plugin EditableMesh
LogPluginManager: Mounting plugin ExampleDeviceProfileSelector
LogPluginManager: Mounting plugin GoogleCloudMessaging
LogPluginManager: Mounting plugin IOSDeviceProfileSelector
LogPluginManager: Mounting plugin LinuxDeviceProfileSelector
LogPluginManager: Mounting plugin LocationServicesBPLibrary
LogPluginManager: Mounting plugin MobilePatchingUtils
LogPluginManager: Mounting plugin OculusVR
LogPluginManager: Mounting plugin PhysXVehicles
LogPluginManager: Mounting plugin PostSplashScreen
LogPluginManager: Mounting plugin ProceduralMeshComponent
LogPluginManager: Mounting plugin RuntimePhysXCooking
LogPluginManager: Mounting plugin SignificanceManager
LogPluginManager: Mounting plugin SteamVR
LogPluginManager: Mounting plugin WebMMoviePlayer
LogPluginManager: Mounting plugin WindowsMoviePlayer
LogPluginManager: Mounting plugin ScreenshotTools
LogInit: Using libcurl 7.55.1-DEV
LogInit:  - built for x86_64-pc-win32
LogInit:  - supports SSL with OpenSSL/1.1.1
LogInit:  - supports HTTP deflate (compression) using libz 1.2.8
LogInit:  - other features:
LogInit:      CURL_VERSION_SSL
LogInit:      CURL_VERSION_LIBZ
LogInit:      CURL_VERSION_IPV6
LogInit:      CURL_VERSION_ASYNCHDNS
LogInit:      CURL_VERSION_LARGEFILE
LogInit:      CURL_VERSION_IDN
LogInit:  CurlRequestOptions (configurable via config and command line):
LogInit:  - bVerifyPeer = true  - Libcurl will verify peer certificate
LogInit:  - bUseHttpProxy = false  - Libcurl will NOT use HTTP proxy
LogInit:  - bDontReuseConnections = false  - Libcurl will reuse connections
LogInit:  - MaxHostConnections = 16  - Libcurl will limit the number of connections to a host
LogInit:  - LocalHostAddr = Default
LogInit:  - BufferSize = 65536
LogOnline: OSS: Creating online subsystem instance for: NULL
LogInit: WinSock: version 1.1 (2.2), MaxSocks=32767, MaxUdp=65467
LogOnline: OSS: TryLoadSubsystemAndSetDefault: Loaded subsystem for module [NULL]
LogInit: Build: ++UE4+Release-4.24-CL-11590370
LogInit: Engine Version: 4.24.3-11590370+++UE4+Release-4.24
LogInit: Compatible Engine Version: 4.24.0-10570792+++UE4+Release-4.24
LogInit: Net CL: 10570792
LogInit: OS: Windows 10 (Release 1909) (), CPU: Intel(R) Core(TM) i5-9300H CPU @ 2.40GHz, GPU: Intel(R) UHD Graphics 630
LogInit: Compiled (64-bit): Feb 24 2020 15:39:18
LogInit: Compiled with Visual C++: 19.16.27032.01
LogInit: Build Configuration: Development
LogInit: Branch Name: ++UE4+Release-4.24
LogInit: Command Line: 
LogInit: Base Directory: D:/Unreal 4/UE_4.24/Engine/Binaries/Win64/
LogInit: Installed Engine Build: 1
LogDevObjectVersion: Number of dev versions registered: 25
LogDevObjectVersion:   Dev-Blueprints (B0D832E4-1F89-4F0D-ACCF-7EB736FD4AA2): 10
LogDevObjectVersion:   Dev-Build (E1C64328-A22C-4D53-A36C-8E866417BD8C): 0
LogDevObjectVersion:   Dev-Core (375EC13C-06E4-48FB-B500-84F0262A717E): 3
LogDevObjectVersion:   Dev-Editor (E4B068ED-F494-42E9-A231-DA0B2E46BB41): 37
LogDevObjectVersion:   Dev-Framework (CFFC743F-43B0-4480-9391-14DF171D2073): 36
LogDevObjectVersion:   Dev-Mobile (B02B49B5-BB20-44E9-A304-32B752E40360): 2
LogDevObjectVersion:   Dev-Networking (A4E4105C-59A1-49B5-A7C5-40C4547EDFEE): 0
LogDevObjectVersion:   Dev-Online (39C831C9-5AE6-47DC-9A44-9C173E1C8E7C): 0
LogDevObjectVersion:   Dev-Physics (78F01B33-EBEA-4F98-B9B4-84EACCB95AA2): 2
LogDevObjectVersion:   Dev-Platform (6631380F-2D4D-43E0-8009-CF276956A95A): 0
LogDevObjectVersion:   Dev-Rendering (12F88B9F-8875-4AFC-A67C-D90C383ABD29): 36
LogDevObjectVersion:   Dev-Sequencer (7B5AE74C-D270-4C10-A958-57980B212A5A): 11
LogDevObjectVersion:   Dev-VR (D7296918-1DD6-4BDD-9DE2-64A83CC13884): 2
LogDevObjectVersion:   Dev-LoadTimes (C2A15278-BFE7-4AFE-6C17-90FF531DF755): 1
LogDevObjectVersion:   Private-Geometry (6EACA3D4-40EC-4CC1-B786-8BED09428FC5): 3
LogDevObjectVersion:   Dev-AnimPhys (29E575DD-E0A3-4627-9D10-D276232CDCEA): 17
LogDevObjectVersion:   Dev-Anim (AF43A65D-7FD3-4947-9873-3E8ED9C1BB05): 2
LogDevObjectVersion:   Dev-ReflectionCapture (6B266CEC-1EC7-4B8F-A30B-E4D90942FC07): 1
LogDevObjectVersion:   Dev-Automation (0DF73D61-A23F-47EA-B727-89E90C41499A): 1
LogDevObjectVersion:   FortniteMain (601D1886-AC64-4F84-AA16-D3DE0DEAC7D6): 31
LogDevObjectVersion:   Dev-Enterprise (9DFFBCD6-494F-0158-E221-12823C92A888): 8
LogDevObjectVersion:   Dev-Niagara (F2AED0AC-9AFE-416F-8664-AA7FFA26D6FC): 1
LogDevObjectVersion:   Dev-Destruction (174F1F0B-B4C6-45A5-B13F-2EE8D0FB917D): 9
LogDevObjectVersion:   Dev-Physics-Ext (35F94A83-E258-406C-A318-09F59610247C): 8
LogDevObjectVersion:   Dev-CineCamera (B2E18506-4273-CFC2-A54E-F4BB758BBA07): 1
LogInit: Presizing for max 25165824 objects, including 0 objects not considered by GC, pre-allocating 0 bytes for permanent pool.
LogInit: Object subsystem initialized
LogConfig: Setting CVar [[con.DebugEarlyDefault:1]]
LogConfig: Setting CVar [[r.setres:1280x720]]
[2020.12.15-23.16.36:811][  0]LogConfig: Setting CVar [[r.VSync:0]]
[2020.12.15-23.16.36:811][  0]LogConfig: Setting CVar [[r.RHICmdBypass:0]]
[2020.12.15-23.16.36:811][  0]LogConfig: Applying CVar settings from Section [/Script/Engine.RendererSettings] File [D:/IDVRV/6to Semestre/Programación de Videojuegos 3D/Tarea2_Battlecity/Saved/Config/Windows/Engine.ini]
[2020.12.15-23.16.36:811][  0]LogConfig: Setting CVar [[r.GPUCrashDebugging:0]]
[2020.12.15-23.16.36:811][  0]LogConfig: Applying CVar settings from Section [/Script/Engine.RendererOverrideSettings] File [D:/IDVRV/6to Semestre/Programación de Videojuegos 3D/Tarea2_Battlecity/Saved/Config/Windows/Engine.ini]
[2020.12.15-23.16.36:811][  0]LogConfig: Applying CVar settings from Section [/Script/Engine.StreamingSettings] File [D:/IDVRV/6to Semestre/Programación de Videojuegos 3D/Tarea2_Battlecity/Saved/Config/Windows/Engine.ini]
[2020.12.15-23.16.36:811][  0]LogConfig: Setting CVar [[s.MinBulkDataSizeForAsyncLoading:131072]]
[2020.12.15-23.16.36:811][  0]LogConfig: Setting CVar [[s.AsyncLoadingThreadEnabled:0]]
[2020.12.15-23.16.36:811][  0]LogConfig: Setting CVar [[s.EventDrivenLoaderEnabled:1]]
[2020.12.15-23.16.36:811][  0]LogConfig: Setting CVar [[s.WarnIfTimeLimitExceeded:0]]
[2020.12.15-23.16.36:811][  0]LogConfig: Setting CVar [[s.TimeLimitExceededMultiplier:1.5]]
[2020.12.15-23.16.36:811][  0]LogConfig: Setting CVar [[s.TimeLimitExceededMinTime:0.005]]
[2020.12.15-23.16.36:811][  0]LogConfig: Setting CVar [[s.UseBackgroundLevelStreaming:1]]
[2020.12.15-23.16.36:811][  0]LogConfig: Setting CVar [[s.PriorityAsyncLoadingExtraTime:15.0]]
[2020.12.15-23.16.36:811][  0]LogConfig: Setting CVar [[s.LevelStreamingActorsUpdateTimeLimit:5.0]]
[2020.12.15-23.16.36:811][  0]LogConfig: Setting CVar [[s.PriorityLevelStreamingActorsUpdateExtraTime:5.0]]
[2020.12.15-23.16.36:811][  0]LogConfig: Setting CVar [[s.LevelStreamingComponentsRegistrationGranularity:10]]
[2020.12.15-23.16.36:811][  0]LogConfig: Setting CVar [[s.UnregisterComponentsTimeLimit:1.0]]
[2020.12.15-23.16.36:811][  0]LogConfig: Setting CVar [[s.LevelStreamingComponentsUnregistrationGranularity:5]]
[2020.12.15-23.16.36:811][  0]LogConfig: Setting CVar [[s.FlushStreamingOnExit:1]]
[2020.12.15-23.16.36:811][  0]LogConfig: Applying CVar settings from Section [/Script/Engine.GarbageCollectionSettings] File [D:/IDVRV/6to Semestre/Programación de Videojuegos 3D/Tarea2_Battlecity/Saved/Config/Windows/Engine.ini]
[2020.12.15-23.16.36:811][  0]LogConfig: Setting CVar [[gc.MaxObjectsNotConsideredByGC:1]]
[2020.12.15-23.16.36:811][  0]LogConfig: Setting CVar [[gc.SizeOfPermanentObjectPool:0]]
[2020.12.15-23.16.36:811][  0]LogConfig: Setting CVar [[gc.FlushStreamingOnGC:0]]
[2020.12.15-23.16.36:811][  0]LogConfig: Setting CVar [[gc.NumRetriesBeforeForcingGC:10]]
[2020.12.15-23.16.36:811][  0]LogConfig: Setting CVar [[gc.AllowParallelGC:1]]
[2020.12.15-23.16.36:811][  0]LogConfig: Setting CVar [[gc.TimeBetweenPurgingPendingKillObjects:61.1]]
[2020.12.15-23.16.36:811][  0]LogConfig: Setting CVar [[gc.MaxObjectsInEditor:25165824]]
[2020.12.15-23.16.36:811][  0]LogConfig: Setting CVar [[gc.IncrementalBeginDestroyEnabled:1]]
[2020.12.15-23.16.36:811][  0]LogConfig: Setting CVar [[gc.CreateGCClusters:1]]
[2020.12.15-23.16.36:811][  0]LogConfig: Setting CVar [[gc.MinGCClusterSize:5]]
[2020.12.15-23.16.36:811][  0]LogConfig: Setting CVar [[gc.ActorClusteringEnabled:0]]
[2020.12.15-23.16.36:811][  0]LogConfig: Setting CVar [[gc.BlueprintClusteringEnabled:0]]
[2020.12.15-23.16.36:811][  0]LogConfig: Setting CVar [[gc.UseDisregardForGCOnDedicatedServers:0]]
[2020.12.15-23.16.36:811][  0]LogConfig: Applying CVar settings from Section [/Script/Engine.NetworkSettings] File [D:/IDVRV/6to Semestre/Programación de Videojuegos 3D/Tarea2_Battlecity/Saved/Config/Windows/Engine.ini]
[2020.12.15-23.16.36:811][  0]LogConfig: Applying CVar settings from Section [/Script/UnrealEd.CookerSettings] File [D:/IDVRV/6to Semestre/Programación de Videojuegos 3D/Tarea2_Battlecity/Saved/Config/Windows/Engine.ini]
[2020.12.15-23.16.36:819][  0]LogConfig: Applying CVar settings from Section [ViewDistanceQuality@3] File [D:/IDVRV/6to Semestre/Programación de Videojuegos 3D/Tarea2_Battlecity/Saved/Config/Windows/Scalability.ini]
[2020.12.15-23.16.36:819][  0]LogConfig: Setting CVar [[r.SkeletalMeshLODBias:0]]
[2020.12.15-23.16.36:819][  0]LogConfig: Setting CVar [[r.ViewDistanceScale:1.0]]
[2020.12.15-23.16.36:819][  0]LogConfig: Applying CVar settings from Section [AntiAliasingQuality@3] File [D:/IDVRV/6to Semestre/Programación de Videojuegos 3D/Tarea2_Battlecity/Saved/Config/Windows/Scalability.ini]
[2020.12.15-23.16.36:819][  0]LogConfig: Setting CVar [[r.PostProcessAAQuality:4]]
[2020.12.15-23.16.36:819][  0]LogConfig: Applying CVar settings from Section [ShadowQuality@3] File [D:/IDVRV/6to Semestre/Programación de Videojuegos 3D/Tarea2_Battlecity/Saved/Config/Windows/Scalability.ini]
[2020.12.15-23.16.36:819][  0]LogConfig: Setting CVar [[r.LightFunctionQuality:1]]
[2020.12.15-23.16.36:819][  0]LogConfig: Setting CVar [[r.ShadowQuality:5]]
[2020.12.15-23.16.36:819][  0]LogConfig: Setting CVar [[r.Shadow.CSM.MaxCascades:10]]
[2020.12.15-23.16.36:819][  0]LogConfig: Setting CVar [[r.Shadow.MaxResolution:2048]]
[2020.12.15-23.16.36:819][  0]LogConfig: Setting CVar [[r.Shadow.MaxCSMResolution:2048]]
[2020.12.15-23.16.36:819][  0]LogConfig: Setting CVar [[r.Shadow.RadiusThreshold:0.01]]
[2020.12.15-23.16.36:819][  0]LogConfig: Setting CVar [[r.Shadow.DistanceScale:1.0]]
[2020.12.15-23.16.36:819][  0]LogConfig: Setting CVar [[r.Shadow.CSM.TransitionScale:1.0]]
[2020.12.15-23.16.36:819][  0]LogConfig: Setting CVar [[r.Shadow.PreShadowResolutionFactor:1.0]]
[2020.12.15-23.16.36:819][  0]LogConfig: Setting CVar [[r.DistanceFieldShadowing:1]]
[2020.12.15-23.16.36:819][  0]LogConfig: Setting CVar [[r.DistanceFieldAO:1]]
[2020.12.15-23.16.36:819][  0]LogConfig: Setting CVar [[r.AOQuality:2]]
[2020.12.15-23.16.36:819][  0]LogConfig: Setting CVar [[r.VolumetricFog:1]]
[2020.12.15-23.16.36:819][  0]LogConfig: Setting CVar [[r.VolumetricFog.GridPixelSize:8]]
[2020.12.15-23.16.36:819][  0]LogConfig: Setting CVar [[r.VolumetricFog.GridSizeZ:128]]
[2020.12.15-23.16.36:819][  0]LogConfig: Setting CVar [[r.VolumetricFog.HistoryMissSupersampleCount:4]]
[2020.12.15-23.16.36:819][  0]LogConfig: Setting CVar [[r.LightMaxDrawDistanceScale:1]]
[2020.12.15-23.16.36:819][  0]LogConfig: Setting CVar [[r.CapsuleShadows:1]]
[2020.12.15-23.16.36:819][  0]LogConfig: Applying CVar settings from Section [PostProcessQuality@3] File [D:/IDVRV/6to Semestre/Programación de Videojuegos 3D/Tarea2_Battlecity/Saved/Config/Windows/Scalability.ini]
[2020.12.15-23.16.36:819][  0]LogConfig: Setting CVar [[r.MotionBlurQuality:4]]
[2020.12.15-23.16.36:819][  0]LogConfig: Setting CVar [[r.AmbientOcclusionMipLevelFactor:0.4]]
[2020.12.15-23.16.36:819][  0]LogConfig: Setting CVar [[r.AmbientOcclusionMaxQuality:100]]
[2020.12.15-23.16.36:819][  0]LogConfig: Setting CVar [[r.AmbientOcclusionLevels:-1]]
[2020.12.15-23.16.36:819][  0]LogConfig: Setting CVar [[r.AmbientOcclusionRadiusScale:1.0]]
[2020.12.15-23.16.36:819][  0]LogConfig: Setting CVar [[r.DepthOfFieldQuality:2]]
[2020.12.15-23.16.36:819][  0]LogConfig: Setting CVar [[r.RenderTargetPoolMin:400]]
[2020.12.15-23.16.36:819][  0]LogConfig: Setting CVar [[r.LensFlareQuality:2]]
[2020.12.15-23.16.36:819][  0]LogConfig: Setting CVar [[r.SceneColorFringeQuality:1]]
[2020.12.15-23.16.36:820][  0]LogConfig: Setting CVar [[r.EyeAdaptationQuality:2]]
[2020.12.15-23.16.36:820][  0]LogConfig: Setting CVar [[r.BloomQuality:5]]
[2020.12.15-23.16.36:820][  0]LogConfig: Setting CVar [[r.FastBlurThreshold:100]]
[2020.12.15-23.16.36:820][  0]LogConfig: Setting CVar [[r.Upscale.Quality:3]]
[2020.12.15-23.16.36:820][  0]LogConfig: Setting CVar [[r.Tonemapper.GrainQuantization:1]]
[2020.12.15-23.16.36:820][  0]LogConfig: Setting CVar [[r.LightShaftQuality:1]]
[2020.12.15-23.16.36:820][  0]LogConfig: Setting CVar [[r.Filter.SizeScale:1]]
[2020.12.15-23.16.36:820][  0]LogConfig: Setting CVar [[r.Tonemapper.Quality:5]]
[2020.12.15-23.16.36:820][  0]LogConfig: Setting CVar [[r.DOF.Gather.AccumulatorQuality:1        ; higher gathering accumulator quality]]
[2020.12.15-23.16.36:820][  0]LogConfig: Setting CVar [[r.DOF.Gather.PostfilterMethod:1          ; Median3x3 postfilering method]]
[2020.12.15-23.16.36:820][  0]LogConfig: Setting CVar [[r.DOF.Gather.EnableBokehSettings:0       ; no bokeh simulation when gathering]]
[2020.12.15-23.16.36:820][  0]LogConfig: Setting CVar [[r.DOF.Gather.RingCount:4                 ; medium number of samples when gathering]]
[2020.12.15-23.16.36:820][  0]LogConfig: Setting CVar [[r.DOF.Scatter.ForegroundCompositing:1    ; additive foreground scattering]]
[2020.12.15-23.16.36:820][  0]LogConfig: Setting CVar [[r.DOF.Scatter.BackgroundCompositing:2    ; additive background scattering]]
[2020.12.15-23.16.36:820][  0]LogConfig: Setting CVar [[r.DOF.Scatter.EnableBokehSettings:1      ; bokeh simulation when scattering]]
[2020.12.15-23.16.36:820][  0]LogConfig: Setting CVar [[r.DOF.Scatter.MaxSpriteRatio:0.1         ; only a maximum of 10% of scattered bokeh]]
[2020.12.15-23.16.36:820][  0]LogConfig: Setting CVar [[r.DOF.Recombine.Quality:1                ; cheap slight out of focus]]
[2020.12.15-23.16.36:820][  0]LogConfig: Setting CVar [[r.DOF.Recombine.EnableBokehSettings:0    ; no bokeh simulation on slight out of focus]]
[2020.12.15-23.16.36:820][  0]LogConfig: Setting CVar [[r.DOF.TemporalAAQuality:1                ; more stable temporal accumulation]]
[2020.12.15-23.16.36:820][  0]LogConfig: Setting CVar [[r.DOF.Kernel.MaxForegroundRadius:0.025]]
[2020.12.15-23.16.36:820][  0]LogConfig: Setting CVar [[r.DOF.Kernel.MaxBackgroundRadius:0.025]]
[2020.12.15-23.16.36:820][  0]LogConfig: Applying CVar settings from Section [TextureQuality@3] File [D:/IDVRV/6to Semestre/Programación de Videojuegos 3D/Tarea2_Battlecity/Saved/Config/Windows/Scalability.ini]
[2020.12.15-23.16.36:820][  0]LogConfig: Setting CVar [[r.Streaming.MipBias:0]]
[2020.12.15-23.16.36:820][  0]LogConfig: Setting CVar [[r.Streaming.AmortizeCPUToGPUCopy:0]]
[2020.12.15-23.16.36:820][  0]LogConfig: Setting CVar [[r.Streaming.MaxNumTexturesToStreamPerFrame:0]]
[2020.12.15-23.16.36:820][  0]LogConfig: Setting CVar [[r.Streaming.Boost:1]]
[2020.12.15-23.16.36:820][  0]LogConfig: Setting CVar [[r.MaxAnisotropy:8]]
[2020.12.15-23.16.36:820][  0]LogConfig: Setting CVar [[r.VT.MaxAnisotropy:8]]
[2020.12.15-23.16.36:820][  0]LogConfig: Setting CVar [[r.Streaming.LimitPoolSizeToVRAM:0]]
[2020.12.15-23.16.36:820][  0]LogConfig: Setting CVar [[r.Streaming.PoolSize:1000]]
[2020.12.15-23.16.36:820][  0]LogConfig: Setting CVar [[r.Streaming.MaxEffectiveScreenSize:0]]
[2020.12.15-23.16.36:820][  0]LogConfig: Applying CVar settings from Section [EffectsQuality@3] File [D:/IDVRV/6to Semestre/Programación de Videojuegos 3D/Tarea2_Battlecity/Saved/Config/Windows/Scalability.ini]
[2020.12.15-23.16.36:820][  0]LogConfig: Setting CVar [[r.TranslucencyLightingVolumeDim:64]]
[2020.12.15-23.16.36:820][  0]LogConfig: Setting CVar [[r.RefractionQuality:2]]
[2020.12.15-23.16.36:820][  0]LogConfig: Setting CVar [[r.SSR.Quality:3]]
[2020.12.15-23.16.36:820][  0]LogConfig: Setting CVar [[r.SSR.HalfResSceneColor:0]]
[2020.12.15-23.16.36:820][  0]LogConfig: Setting CVar [[r.SceneColorFormat:4]]
[2020.12.15-23.16.36:820][  0]LogConfig: Setting CVar [[r.DetailMode:2]]
[2020.12.15-23.16.36:820][  0]LogConfig: Setting CVar [[r.TranslucencyVolumeBlur:1]]
[2020.12.15-23.16.36:820][  0]LogConfig: Setting CVar [[r.MaterialQualityLevel:1 ; High quality]]
[2020.12.15-23.16.36:820][  0]LogConfig: Setting CVar [[r.SSS.Scale:1]]
[2020.12.15-23.16.36:820][  0]LogConfig: Setting CVar [[r.SSS.SampleSet:2]]
[2020.12.15-23.16.36:821][  0]LogConfig: Setting CVar [[r.SSS.Quality:1]]
[2020.12.15-23.16.36:821][  0]LogConfig: Setting CVar [[r.SSS.HalfRes:1]]
[2020.12.15-23.16.36:821][  0]LogConfig: Setting CVar [[r.SSGI.Quality:3]]
[2020.12.15-23.16.36:821][  0]LogConfig: Setting CVar [[r.EmitterSpawnRateScale:1.0]]
[2020.12.15-23.16.36:821][  0]LogConfig: Setting CVar [[r.ParticleLightQuality:2]]
[2020.12.15-23.16.36:821][  0]LogConfig: Setting CVar [[r.SkyAtmosphere.AerialPerspectiveLUT.FastApplyOnOpaque:1 ; Always have FastSkyLUT 1 in this case to avoid wrong sky]]
[2020.12.15-23.16.36:821][  0]LogConfig: Setting CVar [[r.SkyAtmosphere.AerialPerspectiveLUT.SampleCountPerSlice:1]]
[2020.12.15-23.16.36:821][  0]LogConfig: Setting CVar [[r.SkyAtmosphere.AerialPerspectiveLUT.DepthResolution:16.0]]
[2020.12.15-23.16.36:821][  0]LogConfig: Setting CVar [[r.SkyAtmosphere.FastSkyLUT:1]]
[2020.12.15-23.16.36:821][  0]LogConfig: Setting CVar [[r.SkyAtmosphere.FastSkyLUT.SampleCountMin:4.0]]
[2020.12.15-23.16.36:821][  0]LogConfig: Setting CVar [[r.SkyAtmosphere.FastSkyLUT.SampleCountMax:32.0]]
[2020.12.15-23.16.36:821][  0]LogConfig: Setting CVar [[r.SkyAtmosphere.SampleCountMin:4.0]]
[2020.12.15-23.16.36:821][  0]LogConfig: Setting CVar [[r.SkyAtmosphere.SampleCountMax:32.0]]
[2020.12.15-23.16.36:821][  0]LogConfig: Setting CVar [[r.SkyAtmosphere.TransmittanceLUT.UseSmallFormat:0]]
[2020.12.15-23.16.36:821][  0]LogConfig: Setting CVar [[r.SkyAtmosphere.TransmittanceLUT.SampleCount:10.0]]
[2020.12.15-23.16.36:821][  0]LogConfig: Setting CVar [[r.SkyAtmosphere.MultiScatteringLUT.SampleCount:15.0]]
[2020.12.15-23.16.36:821][  0]LogConfig: Applying CVar settings from Section [FoliageQuality@3] File [D:/IDVRV/6to Semestre/Programación de Videojuegos 3D/Tarea2_Battlecity/Saved/Config/Windows/Scalability.ini]
[2020.12.15-23.16.36:821][  0]LogConfig: Setting CVar [[foliage.DensityScale:1.0]]
[2020.12.15-23.16.36:821][  0]LogConfig: Setting CVar [[grass.DensityScale:1.0]]
[2020.12.15-23.16.36:821][  0]LogConfig: Applying CVar settings from Section [ShadingQuality@3] File [D:/IDVRV/6to Semestre/Programación de Videojuegos 3D/Tarea2_Battlecity/Saved/Config/Windows/Scalability.ini]
[2020.12.15-23.16.36:821][  0]LogConfig: Setting CVar [[r.HairStrands.SkyLighting.SampleCount:16]]
[2020.12.15-23.16.36:821][  0]LogConfig: Setting CVar [[r.HairStrands.SkyLighting.JitterIntegration:0]]
[2020.12.15-23.16.36:821][  0]LogConfig: Setting CVar [[r.HairStrands.SkyAO.SampleCount:16]]
[2020.12.15-23.16.36:821][  0]LogInit: Selected Device Profile: [Windows]
[2020.12.15-23.16.36:821][  0]LogInit: Applying CVar settings loaded from the selected device profile: [Windows]
[2020.12.15-23.16.36:825][  0]LogHAL: Display: Platform has ~ 8 GB [8464355328 / 8589934592 / 8], which maps to Default [LargestMinGB=32, LargerMinGB=12, DefaultMinGB=8, SmallerMinGB=6, SmallestMinGB=0)
[2020.12.15-23.16.36:825][  0]LogInit: Going up to parent DeviceProfile []
[2020.12.15-23.16.36:825][  0]LogConfig: Applying CVar settings from Section [ViewDistanceQuality@3] File [D:/IDVRV/6to Semestre/Programación de Videojuegos 3D/Tarea2_Battlecity/Saved/Config/Windows/Scalability.ini]
[2020.12.15-23.16.36:825][  0]LogConfig: Setting CVar [[r.SkeletalMeshLODBias:0]]
[2020.12.15-23.16.36:825][  0]LogConfig: Setting CVar [[r.ViewDistanceScale:1.0]]
[2020.12.15-23.16.36:825][  0]LogConfig: Applying CVar settings from Section [AntiAliasingQuality@3] File [D:/IDVRV/6to Semestre/Programación de Videojuegos 3D/Tarea2_Battlecity/Saved/Config/Windows/Scalability.ini]
[2020.12.15-23.16.36:825][  0]LogConfig: Setting CVar [[r.PostProcessAAQuality:4]]
[2020.12.15-23.16.36:825][  0]LogConfig: Applying CVar settings from Section [ShadowQuality@3] File [D:/IDVRV/6to Semestre/Programación de Videojuegos 3D/Tarea2_Battlecity/Saved/Config/Windows/Scalability.ini]
[2020.12.15-23.16.36:825][  0]LogConfig: Setting CVar [[r.LightFunctionQuality:1]]
[2020.12.15-23.16.36:825][  0]LogConfig: Setting CVar [[r.ShadowQuality:5]]
[2020.12.15-23.16.36:825][  0]LogConfig: Setting CVar [[r.Shadow.CSM.MaxCascades:10]]
[2020.12.15-23.16.36:825][  0]LogConfig: Setting CVar [[r.Shadow.MaxResolution:2048]]
[2020.12.15-23.16.36:825][  0]LogConfig: Setting CVar [[r.Shadow.MaxCSMResolution:2048]]
[2020.12.15-23.16.36:825][  0]LogConfig: Setting CVar [[r.Shadow.RadiusThreshold:0.01]]
[2020.12.15-23.16.36:825][  0]LogConfig: Setting CVar [[r.Shadow.DistanceScale:1.0]]
[2020.12.15-23.16.36:825][  0]LogConfig: Setting CVar [[r.Shadow.CSM.TransitionScale:1.0]]
[2020.12.15-23.16.36:825][  0]LogConfig: Setting CVar [[r.Shadow.PreShadowResolutionFactor:1.0]]
[2020.12.15-23.16.36:825][  0]LogConfig: Setting CVar [[r.DistanceFieldShadowing:1]]
[2020.12.15-23.16.36:826][  0]LogConfig: Setting CVar [[r.DistanceFieldAO:1]]
[2020.12.15-23.16.36:826][  0]LogConfig: Setting CVar [[r.AOQuality:2]]
[2020.12.15-23.16.36:826][  0]LogConfig: Setting CVar [[r.VolumetricFog:1]]
[2020.12.15-23.16.36:826][  0]LogConfig: Setting CVar [[r.VolumetricFog.GridPixelSize:8]]
[2020.12.15-23.16.36:826][  0]LogConfig: Setting CVar [[r.VolumetricFog.GridSizeZ:128]]
[2020.12.15-23.16.36:826][  0]LogConfig: Setting CVar [[r.VolumetricFog.HistoryMissSupersampleCount:4]]
[2020.12.15-23.16.36:826][  0]LogConfig: Setting CVar [[r.LightMaxDrawDistanceScale:1]]
[2020.12.15-23.16.36:826][  0]LogConfig: Setting CVar [[r.CapsuleShadows:1]]
[2020.12.15-23.16.36:826][  0]LogConfig: Applying CVar settings from Section [PostProcessQuality@3] File [D:/IDVRV/6to Semestre/Programación de Videojuegos 3D/Tarea2_Battlecity/Saved/Config/Windows/Scalability.ini]
[2020.12.15-23.16.36:826][  0]LogConfig: Setting CVar [[r.MotionBlurQuality:4]]
[2020.12.15-23.16.36:826][  0]LogConfig: Setting CVar [[r.AmbientOcclusionMipLevelFactor:0.4]]
[2020.12.15-23.16.36:826][  0]LogConfig: Setting CVar [[r.AmbientOcclusionMaxQuality:100]]
[2020.12.15-23.16.36:826][  0]LogConfig: Setting CVar [[r.AmbientOcclusionLevels:-1]]
[2020.12.15-23.16.36:826][  0]LogConfig: Setting CVar [[r.AmbientOcclusionRadiusScale:1.0]]
[2020.12.15-23.16.36:826][  0]LogConfig: Setting CVar [[r.DepthOfFieldQuality:2]]
[2020.12.15-23.16.36:826][  0]LogConfig: Setting CVar [[r.RenderTargetPoolMin:400]]
[2020.12.15-23.16.36:826][  0]LogConfig: Setting CVar [[r.LensFlareQuality:2]]
[2020.12.15-23.16.36:826][  0]LogConfig: Setting CVar [[r.SceneColorFringeQuality:1]]
[2020.12.15-23.16.36:826][  0]LogConfig: Setting CVar [[r.EyeAdaptationQuality:2]]
[2020.12.15-23.16.36:826][  0]LogConfig: Setting CVar [[r.BloomQuality:5]]
[2020.12.15-23.16.36:826][  0]LogConfig: Setting CVar [[r.FastBlurThreshold:100]]
[2020.12.15-23.16.36:826][  0]LogConfig: Setting CVar [[r.Upscale.Quality:3]]
[2020.12.15-23.16.36:826][  0]LogConfig: Setting CVar [[r.Tonemapper.GrainQuantization:1]]
[2020.12.15-23.16.36:826][  0]LogConfig: Setting CVar [[r.LightShaftQuality:1]]
[2020.12.15-23.16.36:826][  0]LogConfig: Setting CVar [[r.Filter.SizeScale:1]]
[2020.12.15-23.16.36:826][  0]LogConfig: Setting CVar [[r.Tonemapper.Quality:5]]
[2020.12.15-23.16.36:826][  0]LogConfig: Setting CVar [[r.DOF.Gather.AccumulatorQuality:1        ; higher gathering accumulator quality]]
[2020.12.15-23.16.36:826][  0]LogConfig: Setting CVar [[r.DOF.Gather.PostfilterMethod:1          ; Median3x3 postfilering method]]
[2020.12.15-23.16.36:826][  0]LogConfig: Setting CVar [[r.DOF.Gather.EnableBokehSettings:0       ; no bokeh simulation when gathering]]
[2020.12.15-23.16.36:826][  0]LogConfig: Setting CVar [[r.DOF.Gather.RingCount:4                 ; medium number of samples when gathering]]
[2020.12.15-23.16.36:826][  0]LogConfig: Setting CVar [[r.DOF.Scatter.ForegroundCompositing:1    ; additive foreground scattering]]
[2020.12.15-23.16.36:826][  0]LogConfig: Setting CVar [[r.DOF.Scatter.BackgroundCompositing:2    ; additive background scattering]]
[2020.12.15-23.16.36:826][  0]LogConfig: Setting CVar [[r.DOF.Scatter.EnableBokehSettings:1      ; bokeh simulation when scattering]]
[2020.12.15-23.16.36:826][  0]LogConfig: Setting CVar [[r.DOF.Scatter.MaxSpriteRatio:0.1         ; only a maximum of 10% of scattered bokeh]]
[2020.12.15-23.16.36:826][  0]LogConfig: Setting CVar [[r.DOF.Recombine.Quality:1                ; cheap slight out of focus]]
[2020.12.15-23.16.36:826][  0]LogConfig: Setting CVar [[r.DOF.Recombine.EnableBokehSettings:0    ; no bokeh simulation on slight out of focus]]
[2020.12.15-23.16.36:826][  0]LogConfig: Setting CVar [[r.DOF.TemporalAAQuality:1                ; more stable temporal accumulation]]
[2020.12.15-23.16.36:826][  0]LogConfig: Setting CVar [[r.DOF.Kernel.MaxForegroundRadius:0.025]]
[2020.12.15-23.16.36:826][  0]LogConfig: Setting CVar [[r.DOF.Kernel.MaxBackgroundRadius:0.025]]
[2020.12.15-23.16.36:826][  0]LogConfig: Applying CVar settings from Section [TextureQuality@3] File [D:/IDVRV/6to Semestre/Programación de Videojuegos 3D/Tarea2_Battlecity/Saved/Config/Windows/Scalability.ini]
[2020.12.15-23.16.36:826][  0]LogConfig: Setting CVar [[r.Streaming.MipBias:0]]
[2020.12.15-23.16.36:826][  0]LogConfig: Setting CVar [[r.Streaming.AmortizeCPUToGPUCopy:0]]
[2020.12.15-23.16.36:826][  0]LogConfig: Setting CVar [[r.Streaming.MaxNumTexturesToStreamPerFrame:0]]
[2020.12.15-23.16.36:826][  0]LogConfig: Setting CVar [[r.Streaming.Boost:1]]
[2020.12.15-23.16.36:826][  0]LogConfig: Setting CVar [[r.MaxAnisotropy:8]]
[2020.12.15-23.16.36:826][  0]LogConfig: Setting CVar [[r.VT.MaxAnisotropy:8]]
[2020.12.15-23.16.36:826][  0]LogConfig: Setting CVar [[r.Streaming.LimitPoolSizeToVRAM:0]]
[2020.12.15-23.16.36:826][  0]LogConfig: Setting CVar [[r.Streaming.PoolSize:1000]]
[2020.12.15-23.16.36:826][  0]LogConfig: Setting CVar [[r.Streaming.MaxEffectiveScreenSize:0]]
[2020.12.15-23.16.36:826][  0]LogConfig: Applying CVar settings from Section [EffectsQuality@3] File [D:/IDVRV/6to Semestre/Programación de Videojuegos 3D/Tarea2_Battlecity/Saved/Config/Windows/Scalability.ini]
[2020.12.15-23.16.36:827][  0]LogConfig: Setting CVar [[r.TranslucencyLightingVolumeDim:64]]
[2020.12.15-23.16.36:827][  0]LogConfig: Setting CVar [[r.RefractionQuality:2]]
[2020.12.15-23.16.36:827][  0]LogConfig: Setting CVar [[r.SSR.Quality:3]]
[2020.12.15-23.16.36:827][  0]LogConfig: Setting CVar [[r.SSR.HalfResSceneColor:0]]
[2020.12.15-23.16.36:827][  0]LogConfig: Setting CVar [[r.SceneColorFormat:4]]
[2020.12.15-23.16.36:827][  0]LogConfig: Setting CVar [[r.DetailMode:2]]
[2020.12.15-23.16.36:827][  0]LogConfig: Setting CVar [[r.TranslucencyVolumeBlur:1]]
[2020.12.15-23.16.36:827][  0]LogConfig: Setting CVar [[r.MaterialQualityLevel:1 ; High quality]]
[2020.12.15-23.16.36:827][  0]LogConfig: Setting CVar [[r.SSS.Scale:1]]
[2020.12.15-23.16.36:827][  0]LogConfig: Setting CVar [[r.SSS.SampleSet:2]]
[2020.12.15-23.16.36:827][  0]LogConfig: Setting CVar [[r.SSS.Quality:1]]
[2020.12.15-23.16.36:827][  0]LogConfig: Setting CVar [[r.SSS.HalfRes:1]]
[2020.12.15-23.16.36:827][  0]LogConfig: Setting CVar [[r.SSGI.Quality:3]]
[2020.12.15-23.16.36:827][  0]LogConfig: Setting CVar [[r.EmitterSpawnRateScale:1.0]]
[2020.12.15-23.16.36:827][  0]LogConfig: Setting CVar [[r.ParticleLightQuality:2]]
[2020.12.15-23.16.36:827][  0]LogConfig: Setting CVar [[r.SkyAtmosphere.AerialPerspectiveLUT.FastApplyOnOpaque:1 ; Always have FastSkyLUT 1 in this case to avoid wrong sky]]
[2020.12.15-23.16.36:827][  0]LogConfig: Setting CVar [[r.SkyAtmosphere.AerialPerspectiveLUT.SampleCountPerSlice:1]]
[2020.12.15-23.16.36:827][  0]LogConfig: Setting CVar [[r.SkyAtmosphere.AerialPerspectiveLUT.DepthResolution:16.0]]
[2020.12.15-23.16.36:827][  0]LogConfig: Setting CVar [[r.SkyAtmosphere.FastSkyLUT:1]]
[2020.12.15-23.16.36:827][  0]LogConfig: Setting CVar [[r.SkyAtmosphere.FastSkyLUT.SampleCountMin:4.0]]
[2020.12.15-23.16.36:827][  0]LogConfig: Setting CVar [[r.SkyAtmosphere.FastSkyLUT.SampleCountMax:32.0]]
[2020.12.15-23.16.36:827][  0]LogConfig: Setting CVar [[r.SkyAtmosphere.SampleCountMin:4.0]]
[2020.12.15-23.16.36:827][  0]LogConfig: Setting CVar [[r.SkyAtmosphere.SampleCountMax:32.0]]
[2020.12.15-23.16.36:827][  0]LogConfig: Setting CVar [[r.SkyAtmosphere.TransmittanceLUT.UseSmallFormat:0]]
[2020.12.15-23.16.36:827][  0]LogConfig: Setting CVar [[r.SkyAtmosphere.TransmittanceLUT.SampleCount:10.0]]
[2020.12.15-23.16.36:827][  0]LogConfig: Setting CVar [[r.SkyAtmosphere.MultiScatteringLUT.SampleCount:15.0]]
[2020.12.15-23.16.36:827][  0]LogConfig: Applying CVar settings from Section [FoliageQuality@3] File [D:/IDVRV/6to Semestre/Programación de Videojuegos 3D/Tarea2_Battlecity/Saved/Config/Windows/Scalability.ini]
[2020.12.15-23.16.36:827][  0]LogConfig: Setting CVar [[foliage.DensityScale:1.0]]
[2020.12.15-23.16.36:827][  0]LogConfig: Setting CVar [[grass.DensityScale:1.0]]
[2020.12.15-23.16.36:827][  0]LogConfig: Applying CVar settings from Section [ShadingQuality@3] File [D:/IDVRV/6to Semestre/Programación de Videojuegos 3D/Tarea2_Battlecity/Saved/Config/Windows/Scalability.ini]
[2020.12.15-23.16.36:827][  0]LogConfig: Setting CVar [[r.HairStrands.SkyLighting.SampleCount:16]]
[2020.12.15-23.16.36:827][  0]LogConfig: Setting CVar [[r.HairStrands.SkyLighting.JitterIntegration:0]]
[2020.12.15-23.16.36:827][  0]LogConfig: Setting CVar [[r.HairStrands.SkyAO.SampleCount:16]]
[2020.12.15-23.16.36:827][  0]LogConfig: Applying CVar settings from Section [Startup] File [../../../Engine/Config/ConsoleVariables.ini]
[2020.12.15-23.16.36:828][  0]LogConfig: Setting CVar [[net.UseAdaptiveNetUpdateFrequency:0]]
[2020.12.15-23.16.36:828][  0]LogConfig: Setting CVar [[p.chaos.AllowCreatePhysxBodies:1]]
[2020.12.15-23.16.36:828][  0]LogConfig: Applying CVar settings from Section [ConsoleVariables] File [D:/IDVRV/6to Semestre/Programación de Videojuegos 3D/Tarea2_Battlecity/Saved/Config/Windows/Engine.ini]
[2020.12.15-23.16.36:828][  0]LogInit: Computer: LAPTOP-AE9SPVGE
[2020.12.15-23.16.36:828][  0]LogInit: User: Dwanwii
[2020.12.15-23.16.36:828][  0]LogInit: CPU Page size=4096, Cores=4
[2020.12.15-23.16.36:828][  0]LogInit: High frequency timer resolution =10.000000 MHz
[2020.12.15-23.16.36:828][  0]LogMemory: Memory total: Physical=7.9GB (8GB approx)
[2020.12.15-23.16.36:828][  0]LogMemory: Platform Memory Stats for Windows
[2020.12.15-23.16.36:828][  0]LogMemory: Process Physical Memory: 105.38 MB used, 105.38 MB peak
[2020.12.15-23.16.36:828][  0]LogMemory: Process Virtual Memory: 100.63 MB used, 100.63 MB peak
[2020.12.15-23.16.36:828][  0]LogMemory: Physical Memory: 5905.84 MB used,  2166.40 MB free, 8072.24 MB total
[2020.12.15-23.16.36:828][  0]LogMemory: Virtual Memory: 5137.62 MB used,  134212592.00 MB free, 134217728.00 MB total
[2020.12.15-23.16.36:835][  0]LogWindows: WindowsPlatformFeatures enabled
[2020.12.15-23.16.37:515][  0]LogInit: Overriding language with editor language configuration option (en).
[2020.12.15-23.16.37:515][  0]LogInit: Overriding locale with editor culture configuration option ().
[2020.12.15-23.16.37:515][  0]LogInit: Using OS detected locale (es-CL).
[2020.12.15-23.16.38:112][  0]LogInit: Setting process to per monitor DPI aware
[2020.12.15-23.16.38:301][  0]LogSlate: New Slate User Created.  User Index 0, Is Virtual User: 0
[2020.12.15-23.16.38:302][  0]LogSlate: Slate User Registered.  User Index 0, Is Virtual User: 0
[2020.12.15-23.16.38:894][  0]LogHMD: Failed to initialize OpenVR with code 110
[2020.12.15-23.16.38:894][  0]LogD3D11RHI: D3D11 min allowed feature level: 11_0
[2020.12.15-23.16.38:894][  0]LogD3D11RHI: D3D11 max allowed feature level: 11_0
[2020.12.15-23.16.38:894][  0]LogD3D11RHI: D3D11 adapters:
[2020.12.15-23.16.39:104][  0]LogD3D11RHI:    0. 'NVIDIA GeForce GTX 1650' (Feature Level 11_0)
[2020.12.15-23.16.39:104][  0]LogD3D11RHI:       3962/0/4036 MB DedicatedVideo/DedicatedSystem/SharedSystem, Outputs:2, VendorId:0x10de
[2020.12.15-23.16.39:132][  0]LogD3D11RHI:    1. 'Intel(R) UHD Graphics 630' (Feature Level 11_0)
[2020.12.15-23.16.39:132][  0]LogD3D11RHI:       128/0/4036 MB DedicatedVideo/DedicatedSystem/SharedSystem, Outputs:0, VendorId:0x8086
[2020.12.15-23.16.39:134][  0]LogD3D11RHI:    2. 'Microsoft Basic Render Driver' (Feature Level 11_0)
[2020.12.15-23.16.39:134][  0]LogD3D11RHI:       0/0/4036 MB DedicatedVideo/DedicatedSystem/SharedSystem, Outputs:0, VendorId:0x1414
[2020.12.15-23.16.39:134][  0]LogD3D11RHI: Chosen D3D11 Adapter: 0
[2020.12.15-23.16.39:175][  0]LogD3D11RHI: Creating new Direct3DDevice
[2020.12.15-23.16.39:175][  0]LogD3D11RHI:     GPU DeviceId: 0x1f91 (for the marketing name, search the web for "GPU Device Id")
[2020.12.15-23.16.39:175][  0]LogWindows: EnumDisplayDevices:
[2020.12.15-23.16.39:176][  0]LogWindows:    0. 'Intel(R) UHD Graphics 630' (P:1 D:1)
[2020.12.15-23.16.39:176][  0]LogWindows:    1. 'Intel(R) UHD Graphics 630' (P:0 D:0)
[2020.12.15-23.16.39:176][  0]LogWindows:    2. 'Intel(R) UHD Graphics 630' (P:0 D:0)
[2020.12.15-23.16.39:177][  0]LogWindows:    3. 'NVIDIA GeForce GTX 1650' (P:0 D:1)
[2020.12.15-23.16.39:177][  0]LogWindows:    4. 'NVIDIA GeForce GTX 1650' (P:0 D:0)
[2020.12.15-23.16.39:177][  0]LogWindows:    5. 'NVIDIA GeForce GTX 1650' (P:0 D:0)
[2020.12.15-23.16.39:178][  0]LogWindows:    6. 'NVIDIA GeForce GTX 1650' (P:0 D:0)
[2020.12.15-23.16.39:178][  0]LogWindows: DebugString: PrimaryIsNotTheChoosenAdapter PrimaryIsNotTheChoosenAdapter PrimaryIsNotTheChoosenAdapter FoundDriverCount:4 
[2020.12.15-23.16.39:178][  0]LogD3D11RHI:     Adapter Name: NVIDIA GeForce GTX 1650
[2020.12.15-23.16.39:178][  0]LogD3D11RHI:   Driver Version: 451.67 (internal:27.21.14.5167, unified:451.67)
[2020.12.15-23.16.39:178][  0]LogD3D11RHI:      Driver Date: 7-5-2020
[2020.12.15-23.16.39:178][  0]LogRHI: Texture pool is 2773 MB (70% of 3962 MB)
[2020.12.15-23.16.39:224][  0]LogD3D11RHI: RHI has support for 64 bit atomics
[2020.12.15-23.16.39:224][  0]LogD3D11RHI: Async texture creation enabled
[2020.12.15-23.16.39:241][  0]LogD3D11RHI: GPU Timing Frequency: 1000.000000 (Debug: 2 1)
[2020.12.15-23.16.39:714][  0]LogTargetPlatformManager: Display: Loaded TargetPlatform 'AllDesktop'
[2020.12.15-23.16.39:747][  0]LogTargetPlatformManager: Display: Loaded TargetPlatform 'Android'
[2020.12.15-23.16.39:747][  0]LogTargetPlatformManager: Display: Loaded TargetPlatform 'Android_ASTC'
[2020.12.15-23.16.39:747][  0]LogTargetPlatformManager: Display: Loaded TargetPlatform 'Android_ATC'
[2020.12.15-23.16.39:747][  0]LogTargetPlatformManager: Display: Loaded TargetPlatform 'Android_DXT'
[2020.12.15-23.16.39:747][  0]LogTargetPlatformManager: Display: Loaded TargetPlatform 'Android_ETC1'
[2020.12.15-23.16.39:747][  0]LogTargetPlatformManager: Display: Loaded TargetPlatform 'Android_ETC1a'
[2020.12.15-23.16.39:747][  0]LogTargetPlatformManager: Display: Loaded TargetPlatform 'Android_ETC2'
[2020.12.15-23.16.39:747][  0]LogTargetPlatformManager: Display: Loaded TargetPlatform 'Android_PVRTC'
[2020.12.15-23.16.39:748][  0]LogTargetPlatformManager: Display: Loaded TargetPlatform 'AndroidClient'
[2020.12.15-23.16.39:748][  0]LogTargetPlatformManager: Display: Loaded TargetPlatform 'Android_ASTCClient'
[2020.12.15-23.16.39:748][  0]LogTargetPlatformManager: Display: Loaded TargetPlatform 'Android_ATCClient'
[2020.12.15-23.16.39:748][  0]LogTargetPlatformManager: Display: Loaded TargetPlatform 'Android_DXTClient'
[2020.12.15-23.16.39:748][  0]LogTargetPlatformManager: Display: Loaded TargetPlatform 'Android_ETC1Client'
[2020.12.15-23.16.39:748][  0]LogTargetPlatformManager: Display: Loaded TargetPlatform 'Android_ETC1aClient'
[2020.12.15-23.16.39:748][  0]LogTargetPlatformManager: Display: Loaded TargetPlatform 'Android_ETC2Client'
[2020.12.15-23.16.39:748][  0]LogTargetPlatformManager: Display: Loaded TargetPlatform 'Android_PVRTCClient'
[2020.12.15-23.16.39:748][  0]LogTargetPlatformManager: Display: Loaded TargetPlatform 'Android_Multi'
[2020.12.15-23.16.39:748][  0]LogTargetPlatformManager: Display: Loaded TargetPlatform 'Android_MultiClient'
[2020.12.15-23.16.39:769][  0]LogTargetPlatformManager: Display: Loaded TargetPlatform 'IOSClient'
[2020.12.15-23.16.39:769][  0]LogTargetPlatformManager: Display: Loaded TargetPlatform 'IOS'
[2020.12.15-23.16.39:777][  0]LogTargetPlatformManager: Display: Loaded TargetPlatform 'LinuxNoEditor'
[2020.12.15-23.16.39:787][  0]LogTargetPlatformManager: Display: Loaded TargetPlatform 'LinuxClient'
[2020.12.15-23.16.39:795][  0]LogTargetPlatformManager: Display: Loaded TargetPlatform 'LinuxServer'
[2020.12.15-23.16.39:803][  0]LogTargetPlatformManager: Display: Loaded TargetPlatform 'LinuxAArch64NoEditor'
[2020.12.15-23.16.39:809][  0]LogTargetPlatformManager: Display: Loaded TargetPlatform 'LinuxAArch64Client'
[2020.12.15-23.16.39:815][  0]LogTargetPlatformManager: Display: Loaded TargetPlatform 'LinuxAArch64Server'
[2020.12.15-23.16.39:841][  0]LogTargetPlatformManager: Display: Loaded TargetPlatform 'Lumin'
[2020.12.15-23.16.39:842][  0]LogTargetPlatformManager: Display: Loaded TargetPlatform 'LuminClient'
[2020.12.15-23.16.39:860][  0]LogTargetPlatformManager: Display: Loaded TargetPlatform 'TVOSClient'
[2020.12.15-23.16.39:860][  0]LogTargetPlatformManager: Display: Loaded TargetPlatform 'TVOS'
[2020.12.15-23.16.39:869][  0]LogTargetPlatformManager: Display: Loaded TargetPlatform 'WindowsNoEditor'
[2020.12.15-23.16.39:879][  0]LogTargetPlatformManager: Display: Loaded TargetPlatform 'Windows'
[2020.12.15-23.16.39:886][  0]LogTargetPlatformManager: Display: Loaded TargetPlatform 'WindowsClient'
[2020.12.15-23.16.39:892][  0]LogTargetPlatformManager: Display: Loaded TargetPlatform 'WindowsServer'
[2020.12.15-23.16.39:892][  0]LogTargetPlatformManager: Display: Building Assets For Windows
[2020.12.15-23.16.39:895][  0]LogAudioDebug: Display: Lib vorbis DLL was dynamically loaded.
[2020.12.15-23.16.40:027][  0]LogShaderCompilers: Guid format shader working directory is -34 characters bigger than the processId version (../../../../../IDVRV/6to Semestre/Programación de Videojuegos 3D/Tarea2_Battlecity/Intermediate/Shaders/WorkingDirectory/33728/).
[2020.12.15-23.16.40:028][  0]LogShaderCompilers: Cleaned the shader compiler working directory 'C:/Users/Dwanwii~/AppData/Local/Temp/UnrealShaderWorkingDir/BCCB0C614EE383A9B580A6A7F958B634/'.
[2020.12.15-23.16.40:028][  0]LogXGEController: Cannot use XGE Controller as Incredibuild is not installed on this machine.
[2020.12.15-23.16.40:028][  0]LogShaderCompilers: Cannot use XGE Shader Compiler as Incredibuild is not installed on this machine.
[2020.12.15-23.16.40:028][  0]LogShaderCompilers: Display: Using Local Shader Compiler.
[2020.12.15-23.16.40:931][  0]LogDerivedDataCache: Display: Max Cache Size: 512 MB
[2020.12.15-23.16.41:006][  0]LogDerivedDataCache: Loaded boot cache 0.08s 78MB C:/Users/Dwanwii~/AppData/Local/UnrealEngine/4.24/DerivedDataCache/Boot.ddc.
[2020.12.15-23.16.41:016][  0]LogDerivedDataCache: Display: Loaded Boot cache: C:/Users/Dwanwii~/AppData/Local/UnrealEngine/4.24/DerivedDataCache/Boot.ddc
[2020.12.15-23.16.41:016][  0]LogDerivedDataCache: FDerivedDataBackendGraph:  Pak pak cache file ../../../../../IDVRV/6to Semestre/Programación de Videojuegos 3D/Tarea2_Battlecity/DerivedDataCache/DDC.ddp not found, will not use a pak cache.
[2020.12.15-23.16.41:016][  0]LogDerivedDataCache: Unable to find inner node Pak for hierarchical cache Hierarchy.
[2020.12.15-23.16.41:016][  0]LogDerivedDataCache: FDerivedDataBackendGraph:  CompressedPak pak cache file ../../../../../IDVRV/6to Semestre/Programación de Videojuegos 3D/Tarea2_Battlecity/DerivedDataCache/Compressed.ddp not found, will not use a pak cache.
[2020.12.15-23.16.41:016][  0]LogDerivedDataCache: Unable to find inner node CompressedPak for hierarchical cache Hierarchy.
[2020.12.15-23.16.41:030][  0]LogDerivedDataCache: Display: Pak cache opened for reading ../../../Engine/DerivedDataCache/Compressed.ddp.
[2020.12.15-23.16.41:030][  0]LogDerivedDataCache: FDerivedDataBackendGraph:  EnterprisePak pak cache file ../../../Enterprise/DerivedDataCache/Compressed.ddp not found, will not use a pak cache.
[2020.12.15-23.16.41:030][  0]LogDerivedDataCache: Unable to find inner node EnterprisePak for hierarchical cache Hierarchy.
[2020.12.15-23.16.41:033][  0]LogDerivedDataCache: Using Local data cache path C:/Users/Dwanwii~/AppData/Local/UnrealEngine/Common/DerivedDataCache: Writable
[2020.12.15-23.16.41:033][  0]LogDerivedDataCache: Shared data cache path not found in *engine.ini, will not use an Shared cache.
[2020.12.15-23.16.41:033][  0]LogDerivedDataCache: Unable to find inner node Shared for hierarchical cache Hierarchy.
[2020.12.15-23.16.41:057][  0]LogMaterial: Verifying Global Shaders for PCD3D_SM5
[2020.12.15-23.16.41:059][  0]LogSlate: Using FreeType 2.10.0
[2020.12.15-23.16.41:059][  0]LogSlate: SlateFontServices - WITH_FREETYPE: 1, WITH_HARFBUZZ: 1
[2020.12.15-23.16.41:117][  0]LogAssetRegistry: FAssetRegistry took 0.0020 seconds to start up
[2020.12.15-23.16.41:389][  0]LogInit: Selected Device Profile: [Windows]
[2020.12.15-23.16.41:746][  0]LogMeshReduction: Using QuadricMeshReduction for automatic static mesh reduction
[2020.12.15-23.16.41:746][  0]LogMeshReduction: Using SimplygonMeshReduction for automatic skeletal mesh reduction
[2020.12.15-23.16.41:746][  0]LogMeshReduction: Using ProxyLODMeshReduction for automatic mesh merging
[2020.12.15-23.16.41:746][  0]LogMeshReduction: No distributed automatic mesh merging module available
[2020.12.15-23.16.41:746][  0]LogMeshMerging: No distributed automatic mesh merging module available
[2020.12.15-23.16.41:760][  0]LogNetVersion: Tarea2_Battlecity 1.0.0, NetCL: 10570792, EngineNetVer: 13, GameNetVer: 0 (Checksum: 988935884)
[2020.12.15-23.16.44:578][  0]LogAssetRegistry: Error: Failed to open file for write ../../../../../IDVRV/6to Semestre/Programación de Videojuegos 3D/Tarea2_Battlecity/Intermediate/AssetRegistryCache/866581fd.bin
[2020.12.15-23.16.44:582][  0]LogFileManager: Warning: MoveFile was unable to move '../../../../../IDVRV/6to Semestre/Programación de Videojuegos 3D/Tarea2_Battlecity/Intermediate/AssetRegistryCache/8c0e1344.bin.tmp' to '../../../../../IDVRV/6to Semestre/Programación de Videojuegos 3D/Tarea2_Battlecity/Intermediate/AssetRegistryCache/8c0e1344.bin', retrying in .5s...
[2020.12.15-23.16.45:083][  0]LogFileManager: Warning: MoveFile was unable to move '../../../../../IDVRV/6to Semestre/Programación de Videojuegos 3D/Tarea2_Battlecity/Intermediate/AssetRegistryCache/8c0e1344.bin.tmp' to '../../../../../IDVRV/6to Semestre/Programación de Videojuegos 3D/Tarea2_Battlecity/Intermediate/AssetRegistryCache/8c0e1344.bin', retrying in .5s...
[2020.12.15-23.16.45:584][  0]LogFileManager: Warning: MoveFile was unable to move '../../../../../IDVRV/6to Semestre/Programación de Videojuegos 3D/Tarea2_Battlecity/Intermediate/AssetRegistryCache/8c0e1344.bin.tmp' to '../../../../../IDVRV/6to Semestre/Programación de Videojuegos 3D/Tarea2_Battlecity/Intermediate/AssetRegistryCache/8c0e1344.bin', retrying in .5s...
[2020.12.15-23.16.46:085][  0]LogFileManager: Warning: MoveFile was unable to move '../../../../../IDVRV/6to Semestre/Programación de Videojuegos 3D/Tarea2_Battlecity/Intermediate/AssetRegistryCache/8c0e1344.bin.tmp' to '../../../../../IDVRV/6to Semestre/Programación de Videojuegos 3D/Tarea2_Battlecity/Intermediate/AssetRegistryCache/8c0e1344.bin', retrying in .5s...
[2020.12.15-23.16.46:585][  0]LogFileManager: Warning: MoveFile was unable to move '../../../../../IDVRV/6to Semestre/Programación de Videojuegos 3D/Tarea2_Battlecity/Intermediate/AssetRegistryCache/8c0e1344.bin.tmp' to '../../../../../IDVRV/6to Semestre/Programación de Videojuegos 3D/Tarea2_Battlecity/Intermediate/AssetRegistryCache/8c0e1344.bin', retrying in .5s...
[2020.12.15-23.16.47:086][  0]LogFileManager: Warning: MoveFile was unable to move '../../../../../IDVRV/6to Semestre/Programación de Videojuegos 3D/Tarea2_Battlecity/Intermediate/AssetRegistryCache/8c0e1344.bin.tmp' to '../../../../../IDVRV/6to Semestre/Programación de Videojuegos 3D/Tarea2_Battlecity/Intermediate/AssetRegistryCache/8c0e1344.bin', retrying in .5s...
[2020.12.15-23.16.47:587][  0]LogFileManager: Warning: MoveFile was unable to move '../../../../../IDVRV/6to Semestre/Programación de Videojuegos 3D/Tarea2_Battlecity/Intermediate/AssetRegistryCache/8c0e1344.bin.tmp' to '../../../../../IDVRV/6to Semestre/Programación de Videojuegos 3D/Tarea2_Battlecity/Intermediate/AssetRegistryCache/8c0e1344.bin', retrying in .5s...
[2020.12.15-23.16.48:087][  0]LogFileManager: Warning: MoveFile was unable to move '../../../../../IDVRV/6to Semestre/Programación de Videojuegos 3D/Tarea2_Battlecity/Intermediate/AssetRegistryCache/8c0e1344.bin.tmp' to '../../../../../IDVRV/6to Semestre/Programación de Videojuegos 3D/Tarea2_Battlecity/Intermediate/AssetRegistryCache/8c0e1344.bin', retrying in .5s...
[2020.12.15-23.16.48:588][  0]LogFileManager: Warning: MoveFile was unable to move '../../../../../IDVRV/6to Semestre/Programación de Videojuegos 3D/Tarea2_Battlecity/Intermediate/AssetRegistryCache/8c0e1344.bin.tmp' to '../../../../../IDVRV/6to Semestre/Programación de Videojuegos 3D/Tarea2_Battlecity/Intermediate/AssetRegistryCache/8c0e1344.bin', retrying in .5s...
[2020.12.15-23.16.49:088][  0]LogFileManager: Warning: MoveFile was unable to move '../../../../../IDVRV/6to Semestre/Programación de Videojuegos 3D/Tarea2_Battlecity/Intermediate/AssetRegistryCache/8c0e1344.bin.tmp' to '../../../../../IDVRV/6to Semestre/Programación de Videojuegos 3D/Tarea2_Battlecity/Intermediate/AssetRegistryCache/8c0e1344.bin', retrying in .5s...
[2020.12.15-23.16.49:589][  0]LogFileManager: Error: Error moving file '../../../../../IDVRV/6to Semestre/Programación de Videojuegos 3D/Tarea2_Battlecity/Intermediate/AssetRegistryCache/8c0e1344.bin.tmp' to '../../../../../IDVRV/6to Semestre/Programación de Videojuegos 3D/Tarea2_Battlecity/Intermediate/AssetRegistryCache/8c0e1344.bin'.
[2020.12.15-23.16.49:674][  0]LogPackageLocalizationCache: Processed 10 localized package path(s) for 1 prioritized culture(s) in 5.254712 seconds
[2020.12.15-23.16.49:680][  0]LogUObjectArray: 46750 objects as part of root set at end of initial load.
[2020.12.15-23.16.49:680][  0]LogUObjectAllocator: 8137160 out of 0 bytes used by permanent object pool.
[2020.12.15-23.16.49:680][  0]LogUObjectArray: CloseDisregardForGC: 0/0 objects in disregard for GC pool
[2020.12.15-23.16.50:052][  0]LogTcpMessaging: Initializing TcpMessaging bridge
[2020.12.15-23.16.50:055][  0]LogUdpMessaging: Initializing bridge on interface 0.0.0.0:0 to multicast group 230.0.0.1:6666.
[2020.12.15-23.16.50:102][  0]SourceControl: Source control is disabled
[2020.12.15-23.16.50:102][  0]SourceControl: Source control is disabled
[2020.12.15-23.16.50:103][  0]SourceControl: Source control is disabled
[2020.12.15-23.16.50:104][  0]SourceControl: Source control is disabled
[2020.12.15-23.16.50:105][  0]SourceControl: Source control is disabled
[2020.12.15-23.16.50:114][  0]LogVSAccessor: Display: Unable to create Visual Studio setup instance: 80040154
[2020.12.15-23.16.50:114][  0]LogVSAccessor: Display: Unable to create Visual Studio setup instance: 80040154
[2020.12.15-23.16.50:189][  0]LogAndroidPermission: UAndroidPermissionCallbackProxy::GetInstance
[2020.12.15-23.16.50:210][  0]LogAudioCaptureCore: Display: No Audio Capture implementations found. Audio input will be silent.
[2020.12.15-23.16.50:210][  0]LogAudioCaptureCore: Display: No Audio Capture implementations found. Audio input will be silent.
[2020.12.15-23.16.50:300][  0]LogOcInput: OculusInput pre-init called
[2020.12.15-23.16.50:307][  0]LogWindows: Failed to load 'OVRPlugin.dll' (GetLastError=126)
[2020.12.15-23.16.50:307][  0]LogWindows: File 'OVRPlugin.dll' does not exist
[2020.12.15-23.16.50:366][  0]LogEngine: Initializing Engine...
[2020.12.15-23.16.50:367][  0]LogHMD: Failed to initialize OpenVR with code 110
[2020.12.15-23.16.50:368][  0]LogStats: UGameplayTagsManager::InitializeManager -  0.000 s
[2020.12.15-23.16.50:717][  0]LogInit: Initializing FReadOnlyCVARCache
[2020.12.15-23.16.50:725][  0]LogAIModule: Creating AISystem for world Untitled
[2020.12.15-23.16.50:748][  0]LogAudioMixer: Display: Audio Mixer Platform Settings:
[2020.12.15-23.16.50:748][  0]LogAudioMixer: Display: 	Sample Rate:						  48000
[2020.12.15-23.16.50:748][  0]LogAudioMixer: Display: 	Callback Buffer Frame Size Requested: 1024
[2020.12.15-23.16.50:748][  0]LogAudioMixer: Display: 	Callback Buffer Frame Size To Use:	  1024
[2020.12.15-23.16.50:748][  0]LogAudioMixer: Display: 	Number of buffers to queue:			  2
[2020.12.15-23.16.50:748][  0]LogAudioMixer: Display: 	Max Channels (voices):				  32
[2020.12.15-23.16.50:748][  0]LogAudioMixer: Display: 	Number of Async Source Workers:		  0
[2020.12.15-23.16.50:748][  0]LogAudio: Display: AudioDevice MaxSources: 32
[2020.12.15-23.16.50:748][  0]LogAudio: Display: Using built-in audio occlusion.
[2020.12.15-23.16.50:748][  0]LogAudioMixer: Display: Initializing audio mixer.
[2020.12.15-23.16.50:763][  0]LogAudioMixer: Display: Audio Device Output Speaker Info:
[2020.12.15-23.16.50:763][  0]LogAudioMixer: Display: Name: Altavoces (Realtek(R) Audio)
[2020.12.15-23.16.50:763][  0]LogAudioMixer: Display: Is Default: Yes
[2020.12.15-23.16.50:763][  0]LogAudioMixer: Display: Sample Rate: 48000
[2020.12.15-23.16.50:763][  0]LogAudioMixer: Display: Channel Count Used: 2
[2020.12.15-23.16.50:763][  0]LogAudioMixer: Display: Device Channel Count: 2
[2020.12.15-23.16.50:763][  0]LogAudioMixer: Display: Channel Order:
[2020.12.15-23.16.50:763][  0]LogAudioMixer: Display: 0: FrontLeft
[2020.12.15-23.16.50:763][  0]LogAudioMixer: Display: 1: FrontRight
[2020.12.15-23.16.50:782][  0]LogAudioMixer: Display: Using Audio Device Altavoces (Realtek(R) Audio)
[2020.12.15-23.16.50:790][  0]LogInit: FAudioDevice initialized.
[2020.12.15-23.16.50:790][  0]LogNetVersion: Set ProjectVersion to 1.0.0.0. Version Checksum will be recalculated on next use.
[2020.12.15-23.16.50:870][  0]LogDerivedDataCache: Saved boot cache 0.08s 78MB C:/Users/Dwanwii~/AppData/Local/UnrealEngine/4.24/DerivedDataCache/Boot.ddc.
[2020.12.15-23.16.50:874][  0]LogInit: Texture streaming: Enabled
[2020.12.15-23.16.50:885][  0]LogEngineSessionManager: EngineSessionManager initialized
[2020.12.15-23.16.50:885][  0]LogEditorSessionSummary: Verbose: Initializing EditorSessionSummaryWriter for editor session tracking
[2020.12.15-23.16.50:890][  0]LogEditorSessionSummary: EditorSessionSummaryWriter initialized
[2020.12.15-23.16.51:663][  0]LogInit: Transaction tracking system initialized
[2020.12.15-23.16.51:670][  0]BlueprintLog: New page: Editor Load
[2020.12.15-23.16.51:714][  0]LocalizationService: Localization service is disabled
[2020.12.15-23.16.51:912][  0]LogVSAccessor: Display: Unable to create Visual Studio setup instance: 80040154
[2020.12.15-23.16.51:913][  0]LogVSAccessor: Display: Unable to create Visual Studio setup instance: 80040154
[2020.12.15-23.16.52:510][  0]LogFileCache: Scanning file cache for directory 'D:/IDVRV/6to Semestre/Programación de Videojuegos 3D/Tarea2_Battlecity/Content/' took 0.01s
[2020.12.15-23.16.52:510][  0]LogCook: Display: Max memory allowance for cook 16384mb min free memory 0mb
[2020.12.15-23.16.52:510][  0]LogCook: Display: Mobile HDR setting 1
[2020.12.15-23.16.53:923][  0]SourceControl: Source control is disabled
[2020.12.15-23.16.53:923][  0]Cmd: MAP LOAD FILE="../../../../../IDVRV/6to Semestre/Programación de Videojuegos 3D/Tarea2_Battlecity/Content/TwinStickBP/Maps/TwinStickExampleMap.umap" TEMPLATE=0 SHOWPROGRESS=1 FEATURELEVEL=3
[2020.12.15-23.16.53:923][  0]LightingResults: New page: Lighting Build
[2020.12.15-23.16.53:924][  0]LogWorld: UWorld::CleanupWorld for Untitled, bSessionEnded=true, bCleanupResources=true
[2020.12.15-23.16.53:924][  0]LogSlate: InvalidateAllWidgets triggered.  All widgets were invalidated
[2020.12.15-23.16.53:924][  0]MapCheck: New page: Map Check
[2020.12.15-23.16.53:924][  0]LightingResults: New page: Lighting Build
[2020.12.15-23.16.53:946][  0]LogUObjectHash: Compacting FUObjectHashTables data took   1.71ms
[2020.12.15-23.16.57:684][  0]LogAIModule: Creating AISystem for world TwinStickExampleMap
[2020.12.15-23.16.58:495][  0]LogEditorServer: Finished looking for orphan Actors (0.000 secs)
[2020.12.15-23.16.58:590][  0]LogUObjectHash: Compacting FUObjectHashTables data took   2.02ms
[2020.12.15-23.16.58:590][  0]Cmd: MAP CHECKDEP NOCLEARLOG
[2020.12.15-23.16.58:590][  0]MapCheck: Map check complete: 0 Error(s), 0 Warning(s), took 0,113ms to complete.
[2020.12.15-23.16.58:590][  0]LogFileHelpers: Loading map 'TwinStickExampleMap' took 4.668
[2020.12.15-23.17.01:559][  0]LogSlate: Updating window title bar state: overlay mode, drag disabled, window buttons hidden, title bar hidden
[2020.12.15-23.17.01:571][  0]LogSlate: Updating window title bar state: overlay mode, drag disabled, window buttons hidden, title bar hidden
[2020.12.15-23.17.01:577][  0]LogSlate: Updating window title bar state: overlay mode, drag disabled, window buttons hidden, title bar hidden
[2020.12.15-23.17.01:584][  0]LogSlate: Updating window title bar state: overlay mode, drag disabled, window buttons hidden, title bar hidden
[2020.12.15-23.17.02:248][  0]LogCollectionManager: Loaded 0 collections in 0.003331 seconds
[2020.12.15-23.17.02:822][  0]LogFileCache: Scanning file cache for directory 'D:/IDVRV/6to Semestre/Programación de Videojuegos 3D/Tarea2_Battlecity/Saved/Collections/' took 0.00s
[2020.12.15-23.17.02:822][  0]LogFileCache: Scanning file cache for directory 'D:/IDVRV/6to Semestre/Programación de Videojuegos 3D/Tarea2_Battlecity/Content/Developers/Dwanwii/Collections/' took 0.00s
[2020.12.15-23.17.02:822][  0]LogFileCache: Scanning file cache for directory 'D:/IDVRV/6to Semestre/Programación de Videojuegos 3D/Tarea2_Battlecity/Content/Collections/' took 0.00s
[2020.12.15-23.17.02:822][  0]LogContentBrowser: Native class hierarchy populated in 0.0087 seconds. Added 3015 classes and 717 folders.
[2020.12.15-23.17.03:726][  0]LogContentBrowser: Native class hierarchy updated for 'WidgetCarousel' in 0.0005 seconds. Added 0 classes and 0 folders.
[2020.12.15-23.17.13:452][  0]LogContentBrowser: Native class hierarchy updated for 'AddContentDialog' in 0.0003 seconds. Added 0 classes and 0 folders.
[2020.12.15-23.17.14:421][  0]LogContentBrowser: Native class hierarchy updated for 'SceneOutliner' in 0.0003 seconds. Added 2 classes and 3 folders.
[2020.12.15-23.17.27:255][  0]LogSlate: Took 0.270125 seconds to synchronously load lazily loaded font '../../../Engine/Content/Slate/Fonts/Roboto-Regular.ttf' (155K)
[2020.12.15-23.17.28:287][  0]LogSlate: Took 0.037709 seconds to synchronously load lazily loaded font '../../../Engine/Content/Slate/Fonts/Roboto-Bold.ttf' (160K)
[2020.12.15-23.17.29:176][  0]LogSlate: Took 0.078008 seconds to synchronously load lazily loaded font '../../../Engine/Content/Editor/Slate/Fonts/FontAwesome.ttf' (139K)
[2020.12.15-23.17.34:428][  0]LogRenderer: Reallocating scene render targets to support 936x448 Format 10 NumSamples 1 (Frame:1).
[2020.12.15-23.17.39:837][  0]LogContentBrowser: Native class hierarchy updated for 'HierarchicalLODOutliner' in 0.0007 seconds. Added 0 classes and 0 folders.
[2020.12.15-23.17.39:837][  0]LogLoad: (Engine Initialization) Total time: 80.64 seconds
[2020.12.15-23.17.39:838][  0]LogLoad: (Engine Initialization) Total Blueprint compile time: 0.00 seconds
[2020.12.15-23.17.43:303][  0]LogContentStreaming: Texture pool size now 1000 MB
[2020.12.15-23.17.45:105][  0]LogSlate: Took 0.034160 seconds to synchronously load lazily loaded font '../../../Engine/Content/Slate/Fonts/Roboto-Light.ttf' (167K)
[2020.12.15-23.17.48:151][  2]LogSlate: Took 0.000234 seconds to synchronously load lazily loaded font '../../../Engine/Content/Slate/Fonts/Roboto-Light.ttf' (167K)
[2020.12.15-23.17.55:878][ 36]LogAssetRegistry: Asset discovery search completed in 74.7622 seconds
[2020.12.15-23.17.57:068][ 36]LogCollectionManager: Fixed up redirectors for 0 collections in 0.000006 seconds (updated 0 objects)
[2020.12.15-23.19.02:550][237]LogSlate: Window 'Message Log' being destroyed
[2020.12.15-23.19.02:559][237]LogSlate: Window 'Message Log' being destroyed
[2020.12.15-23.33.34:381][972]LogAssetEditorSubsystem: Opening Asset editor for BehaviorTree /Game/TwinStickBP/Enemy/BT_TankEnemy.BT_TankEnemy
[2020.12.15-23.33.35:427][972]LogSlate: Took 0.029400 seconds to synchronously load lazily loaded font '../../../Engine/Content/Slate/Fonts/Roboto-BoldCondensed.ttf' (158K)
[2020.12.15-23.34.49:676][771]LogSlate: Warning: Ignoring SetUserFocus because it's not an active modal Window (user 0 not set to Window : Tarea2_Battlecity - Unreal Editor .
[2020.12.15-23.34.50:911][771]LogUObjectHash: Compacting FUObjectHashTables data took   2.68ms
[2020.12.15-23.34.50:940][771]LogFileHelpers: Editor autosave (incl. sublevels) for '/Game/TwinStickBP/Maps/TwinStickExampleMap' took 0.327
[2020.12.15-23.34.51:096][771]OBJ SavePackage: Generating thumbnails for [0] asset(s) in package [/Game/TwinStickBP/Enemy/BT_TankEnemy] ([1] browsable assets)...
[2020.12.15-23.34.51:096][771]OBJ SavePackage: Finished generating thumbnails for package [/Game/TwinStickBP/Enemy/BT_TankEnemy]
[2020.12.15-23.34.52:084][771]LogSavePackage: Moving '../../../../../IDVRV/6to Semestre/Programación de Videojuegos 3D/Tarea2_Battlecity/Saved/BT_TankEnemy_Auto1750B912042E0D9A3D9B53C96545F7301.tmp' to '../../../../../IDVRV/6to Semestre/Programación de Videojuegos 3D/Tarea2_Battlecity/Saved/Autosaves/Game/TwinStickBP/Enemy/BT_TankEnemy_Auto1.uasset'
[2020.12.15-23.34.52:219][771]OBJ SavePackage: Generating thumbnails for [0] asset(s) in package [/Game/TwinStickBP/Enemy/BB_TankEnemy] ([1] browsable assets)...
[2020.12.15-23.34.52:219][771]OBJ SavePackage: Finished generating thumbnails for package [/Game/TwinStickBP/Enemy/BB_TankEnemy]
[2020.12.15-23.34.52:241][771]LogSavePackage: Moving '../../../../../IDVRV/6to Semestre/Programación de Videojuegos 3D/Tarea2_Battlecity/Saved/BB_TankEnemy_Auto107A4EC2242496127C03078B5FE2DD58B.tmp' to '../../../../../IDVRV/6to Semestre/Programación de Videojuegos 3D/Tarea2_Battlecity/Saved/Autosaves/Game/TwinStickBP/Enemy/BB_TankEnemy_Auto1.uasset'
[2020.12.15-23.34.52:243][771]LogFileHelpers: Auto-saving content packages took 1.300
[2020.12.15-23.37.30:287][253]LogAssetEditorSubsystem: Opening Asset editor for Blueprint /Game/TwinStickBP/Enemy/BP_TankEnemy.BP_TankEnemy
[2020.12.15-23.37.31:589][253]LogContentBrowser: Native class hierarchy updated for 'BlueprintGraph' in 0.0011 seconds. Added 121 classes and 0 folders.
[2020.12.15-23.37.36:527][254]LogSlate: Took 0.017364 seconds to synchronously load lazily loaded font '../../../Engine/Content/Slate/Fonts/Roboto-Italic.ttf' (157K)
[2020.12.15-23.37.39:771][401]LogSlate: Window 'BP_TankEnemy' being destroyed
[2020.12.15-23.38.02:427][997]LogAssetEditorSubsystem: Opening Asset editor for LevelScriptBlueprint /Game/TwinStickBP/Maps/TwinStickExampleMap.TwinStickExampleMap:PersistentLevel.TwinStickExampleMap
[2020.12.15-23.38.40:318][795]LogSlate: Prevented a slow task dialog from being summoned while a context menu was open
[2020.12.15-23.46.36:508][ 10]LogUObjectHash: Compacting FUObjectHashTables data took   7.32ms
[2020.12.15-23.46.39:358][ 10]LogSavePackage: Moving '../../../../../IDVRV/6to Semestre/Programación de Videojuegos 3D/Tarea2_Battlecity/Saved/TwinStickExampleMap_Auto2061EDFE047BD8277898A6C9939974C1C.tmp' to '../../../../../IDVRV/6to Semestre/Programación de Videojuegos 3D/Tarea2_Battlecity/Saved/Autosaves/Game/TwinStickBP/Maps/TwinStickExampleMap_Auto2.umap'
[2020.12.15-23.46.39:423][ 10]LogFileHelpers: Editor autosave (incl. sublevels) for '/Game/TwinStickBP/Maps/TwinStickExampleMap' took 2.955
[2020.12.15-23.46.39:423][ 10]LogFileHelpers: Editor autosave (incl. sublevels) for all levels took 2.955
[2020.12.15-23.46.39:423][ 10]OBJ SavePackage: Generating thumbnails for [0] asset(s) in package [/Game/TwinStickBP/Enemy/BB_TankEnemy] ([1] browsable assets)...
[2020.12.15-23.46.39:423][ 10]OBJ SavePackage: Finished generating thumbnails for package [/Game/TwinStickBP/Enemy/BB_TankEnemy]
[2020.12.15-23.46.39:446][ 10]LogSavePackage: Moving '../../../../../IDVRV/6to Semestre/Programación de Videojuegos 3D/Tarea2_Battlecity/Saved/BB_TankEnemy_Auto2FAF3F77E4353BE380F27479ECF30D9EE.tmp' to '../../../../../IDVRV/6to Semestre/Programación de Videojuegos 3D/Tarea2_Battlecity/Saved/Autosaves/Game/TwinStickBP/Enemy/BB_TankEnemy_Auto2.uasset'
[2020.12.15-23.46.39:456][ 10]LogFileHelpers: Auto-saving content packages took 0.034
[2020.12.15-23.48.29:717][404]LogTemp: Repeating last play command: Selected Viewport
[2020.12.15-23.48.29:883][404]LogBlueprintUserMessages: Early PlayInEditor Detection: Level '/Game/TwinStickBP/Maps/TwinStickExampleMap.TwinStickExampleMap:PersistentLevel' has LevelScriptBlueprint '/Game/TwinStickBP/Maps/TwinStickExampleMap.TwinStickExampleMap:PersistentLevel.TwinStickExampleMap' with GeneratedClass '/Game/TwinStickBP/Maps/TwinStickExampleMap.TwinStickExampleMap_C' with ClassGeneratedBy '/Game/TwinStickBP/Maps/TwinStickExampleMap.TwinStickExampleMap:PersistentLevel.TwinStickExampleMap'
[2020.12.15-23.48.30:001][404]BlueprintLog: New page: Pre-Play auto-recompile
[2020.12.15-23.48.30:002][404]LogPlayLevel: [PlayLevel] Compiling TwinStickExampleMap before play...
[2020.12.15-23.48.30:231][404]LogUObjectHash: Compacting FUObjectHashTables data took   2.84ms
[2020.12.15-23.48.30:232][404]LogPlayLevel: PlayLevel: Blueprint regeneration took 230 ms (1 blueprints)
[2020.12.15-23.48.30:263][404]PIE: New page: PIE session: TwinStickExampleMap (15-12-2020 17:48:30)
[2020.12.15-23.48.30:396][404]LogOnline: OSS: Creating online subsystem instance for: NULL
[2020.12.15-23.48.30:574][404]LogOnline: OSS: TryLoadSubsystemAndSetDefault: Loaded subsystem for module [NULL]
[2020.12.15-23.48.30:646][404]LogPlayLevel: Creating play world package: /Game/TwinStickBP/Maps/UEDPIE_0_TwinStickExampleMap
[2020.12.15-23.48.30:836][404]LogPlayLevel: PIE: StaticDuplicateObject took: (0.189130s)
[2020.12.15-23.48.30:863][404]LogAIModule: Creating AISystem for world TwinStickExampleMap
[2020.12.15-23.48.30:909][404]LogPlayLevel: PIE: World Init took: (0.072414s)
[2020.12.15-23.48.30:909][404]LogPlayLevel: PIE: Created PIE world by copying editor world from /Game/TwinStickBP/Maps/TwinStickExampleMap.TwinStickExampleMap to /Game/TwinStickBP/Maps/UEDPIE_0_TwinStickExampleMap.TwinStickExampleMap (0.262015s)
[2020.12.15-23.48.30:961][404]LogUObjectHash: Compacting FUObjectHashTables data took   2.12ms
[2020.12.15-23.48.31:070][404]LogAudioMixer: Display: Audio Mixer Platform Settings:
[2020.12.15-23.48.31:070][404]LogAudioMixer: Display: 	Sample Rate:						  48000
[2020.12.15-23.48.31:070][404]LogAudioMixer: Display: 	Callback Buffer Frame Size Requested: 1024
[2020.12.15-23.48.31:070][404]LogAudioMixer: Display: 	Callback Buffer Frame Size To Use:	  1024
[2020.12.15-23.48.31:070][404]LogAudioMixer: Display: 	Number of buffers to queue:			  2
[2020.12.15-23.48.31:070][404]LogAudioMixer: Display: 	Max Channels (voices):				  32
[2020.12.15-23.48.31:070][404]LogAudioMixer: Display: 	Number of Async Source Workers:		  0
[2020.12.15-23.48.31:091][404]LogAudio: Display: AudioDevice MaxSources: 32
[2020.12.15-23.48.31:092][404]LogAudio: Display: Using built-in audio occlusion.
[2020.12.15-23.48.31:092][404]LogAudioMixer: Display: Initializing audio mixer.
[2020.12.15-23.48.31:125][404]LogAudioMixer: Display: Audio Device Output Speaker Info:
[2020.12.15-23.48.31:125][404]LogAudioMixer: Display: Name: Altavoces (Realtek(R) Audio)
[2020.12.15-23.48.31:125][404]LogAudioMixer: Display: Is Default: Yes
[2020.12.15-23.48.31:125][404]LogAudioMixer: Display: Sample Rate: 48000
[2020.12.15-23.48.31:125][404]LogAudioMixer: Display: Channel Count Used: 2
[2020.12.15-23.48.31:125][404]LogAudioMixer: Display: Device Channel Count: 2
[2020.12.15-23.48.31:125][404]LogAudioMixer: Display: Channel Order:
[2020.12.15-23.48.31:125][404]LogAudioMixer: Display: 0: FrontLeft
[2020.12.15-23.48.31:125][404]LogAudioMixer: Display: 1: FrontRight
[2020.12.15-23.48.31:141][404]LogAudioMixer: Display: Using Audio Device Altavoces (Realtek(R) Audio)
[2020.12.15-23.48.31:216][404]LogInit: FAudioDevice initialized.
[2020.12.15-23.48.31:416][404]LogLoad: Game class is 'TwinStickGameMode_C'
[2020.12.15-23.48.31:580][404]LogWorld: Bringing World /Game/TwinStickBP/Maps/UEDPIE_0_TwinStickExampleMap.TwinStickExampleMap up for play (max tick rate 0) at 2020.12.15-20.48.31
[2020.12.15-23.48.31:666][404]LogWorld: Bringing up level for play took: 0.110003
[2020.12.15-23.48.31:667][404]LogOnline: OSS: Creating online subsystem instance for: :Context_14
[2020.12.15-23.48.31:882][404]LogContentBrowser: Native class hierarchy updated for 'MovieSceneCapture' in 0.0007 seconds. Added 20 classes and 0 folders.
[2020.12.15-23.48.32:028][404]PIE: Play in editor start time for /Game/TwinStickBP/Maps/UEDPIE_0_TwinStickExampleMap 3,036
[2020.12.15-23.48.32:028][404]LogBlueprintUserMessages: Late PlayInEditor Detection: Level '/Game/TwinStickBP/Maps/TwinStickExampleMap.TwinStickExampleMap:PersistentLevel' has LevelScriptBlueprint '/Game/TwinStickBP/Maps/TwinStickExampleMap.TwinStickExampleMap:PersistentLevel.TwinStickExampleMap' with GeneratedClass '/Game/TwinStickBP/Maps/TwinStickExampleMap.TwinStickExampleMap_C' with ClassGeneratedBy '/Game/TwinStickBP/Maps/TwinStickExampleMap.TwinStickExampleMap:PersistentLevel.TwinStickExampleMap'
[2020.12.15-23.48.41:632][779]LogAudioMixer: Display: No commands were queued while flushing the source manager.
[2020.12.15-23.48.41:632][779]LogAudioMixer: Display: No commands were queued while flushing the source manager.
[2020.12.15-23.48.41:663][779]LogBlueprintUserMessages: Early EndPlayMap Detection: Level '/Game/TwinStickBP/Maps/TwinStickExampleMap.TwinStickExampleMap:PersistentLevel' has LevelScriptBlueprint '/Game/TwinStickBP/Maps/TwinStickExampleMap.TwinStickExampleMap:PersistentLevel.TwinStickExampleMap' with GeneratedClass '/Game/TwinStickBP/Maps/TwinStickExampleMap.TwinStickExampleMap_C' with ClassGeneratedBy '/Game/TwinStickBP/Maps/TwinStickExampleMap.TwinStickExampleMap:PersistentLevel.TwinStickExampleMap'
[2020.12.15-23.48.41:713][779]LogSlate: Updating window title bar state: overlay mode, drag disabled, window buttons hidden, title bar hidden
[2020.12.15-23.48.41:713][779]LogWorld: BeginTearingDown for /Game/TwinStickBP/Maps/UEDPIE_0_TwinStickExampleMap
[2020.12.15-23.48.41:713][779]LogAudioMixer: Display: No commands were queued while flushing the source manager.
[2020.12.15-23.48.41:713][779]LogWorld: UWorld::CleanupWorld for TwinStickExampleMap, bSessionEnded=true, bCleanupResources=true
[2020.12.15-23.48.41:716][779]LogSlate: InvalidateAllWidgets triggered.  All widgets were invalidated
[2020.12.15-23.48.41:737][779]LogPlayLevel: Display: Shutting down PIE online subsystems
[2020.12.15-23.48.41:737][779]LogBlueprintUserMessages: Late EndPlayMap Detection: Level '/Game/TwinStickBP/Maps/TwinStickExampleMap.TwinStickExampleMap:PersistentLevel' has LevelScriptBlueprint '/Game/TwinStickBP/Maps/TwinStickExampleMap.TwinStickExampleMap:PersistentLevel.TwinStickExampleMap' with GeneratedClass '/Game/TwinStickBP/Maps/TwinStickExampleMap.TwinStickExampleMap_C' with ClassGeneratedBy '/Game/TwinStickBP/Maps/TwinStickExampleMap.TwinStickExampleMap:PersistentLevel.TwinStickExampleMap'
[2020.12.15-23.48.41:746][779]LogSlate: InvalidateAllWidgets triggered.  All widgets were invalidated
[2020.12.15-23.48.41:794][779]LogAudioMixer: Display: No commands were queued while flushing the source manager.
